00:00:01.738417 VirtualBox VM 6.0.10 r132072 win.amd64 (Jul 12 2019 09:34:54) release log
00:00:01.738422 Log opened 2019-11-06T14:24:26.808356200Z
00:00:01.738423 Build Type: release
00:00:01.738427 OS Product: Windows 10
00:00:01.738428 OS Release: 10.0.18362
00:00:01.738428 OS Service Pack: 
00:00:01.800211 DMI Product Name: To Be Filled By O.E.M.
00:00:01.805066 DMI Product Version: To Be Filled By O.E.M.
00:00:01.805080 Host RAM: 15289MB (14.9GB) total, 11515MB (11.2GB) available
00:00:01.805083 Executable: c:\Program Files\Oracle\VirtualBox\VirtualBoxVM.exe
00:00:01.805084 Process ID: 1892
00:00:01.805085 Package type: WINDOWS_64BITS_GENERIC
00:00:01.805907 Installed Extension Packs:
00:00:01.805950   Oracle VM VirtualBox Extension Pack (Version: 6.0.10 r132072; VRDE Module: VBoxVRDP)
00:00:01.806883 Console: Machine state changed to 'Starting'
00:00:01.807034 Qt version: 5.6.2
00:00:01.810029 GUI: UIMediumEnumerator: Medium-enumeration finished!
00:00:01.891721 SUP: Loaded VMMR0.r0 (C:\Program Files\Oracle\VirtualBox\VMMR0.r0) at 0xXXXXXXXXXXXXXXXX - ModuleInit at XXXXXXXXXXXXXXXX and ModuleTerm at XXXXXXXXXXXXXXXX using the native ring-0 loader
00:00:01.891744 SUP: VMMR0EntryEx located at XXXXXXXXXXXXXXXX and VMMR0EntryFast at XXXXXXXXXXXXXXXX
00:00:01.891749 SUP: windbg> .reload /f C:\Program Files\Oracle\VirtualBox\VMMR0.r0=0xXXXXXXXXXXXXXXXX
00:00:01.892657 Guest OS type: 'DOS'
00:00:01.893339 fHMForced=true - 64-bit guest
00:00:01.896319 File system of 'C:\Users\s-013-29.GUMIFOREST\Desktop\dos\Snapshots' (snapshots) is unknown
00:00:01.896335 File system of 'C:\Users\s-013-29.GUMIFOREST\Desktop\dos\MS-DOS.vdi' is ntfs
00:00:01.913400 Shared clipboard service loaded
00:00:01.913416 Shared clipboard mode: Off
00:00:01.923648 Drag and drop service loaded
00:00:01.923663 Drag and drop mode: Off
00:00:01.938803 ************************* CFGM dump *************************
00:00:01.938804 [/] (level 0)
00:00:01.938806   CSAMEnabled       <integer> = 0x0000000000000001 (1)
00:00:01.938808   CpuExecutionCap   <integer> = 0x0000000000000064 (100)
00:00:01.938809   EnablePAE         <integer> = 0x0000000000000000 (0)
00:00:01.938810   HMEnabled         <integer> = 0x0000000000000001 (1)
00:00:01.938811   MemBalloonSize    <integer> = 0x0000000000000000 (0)
00:00:01.938812   Name              <string>  = "MS-DOS" (cb=7)
00:00:01.938813   NumCPUs           <integer> = 0x0000000000000001 (1)
00:00:01.938814   PATMEnabled       <integer> = 0x0000000000000001 (1)
00:00:01.938814   PageFusionAllowed <integer> = 0x0000000000000000 (0)
00:00:01.938815   RamHoleSize       <integer> = 0x0000000020000000 (536 870 912, 512 MB)
00:00:01.938816   RamSize           <integer> = 0x0000000002000000 (33 554 432, 32 MB)
00:00:01.938817   RawR0Enabled      <integer> = 0x0000000000000001 (1)
00:00:01.938818   RawR3Enabled      <integer> = 0x0000000000000001 (1)
00:00:01.938819   TimerMillies      <integer> = 0x000000000000000a (10)
00:00:01.938819   UUID              <bytes>   = "9d 43 69 09 59 1d 46 48 81 c0 52 4d 66 4f 0e 1c" (cb=16)
00:00:01.938824 
00:00:01.938824 [/CPUM/] (level 1)
00:00:01.938825   GuestCpuName       <string>  = "host" (cb=5)
00:00:01.938826   NestedHWVirt       <integer> = 0x0000000000000000 (0)
00:00:01.938826   PortableCpuIdLevel <integer> = 0x0000000000000000 (0)
00:00:01.938827   SpecCtrl           <integer> = 0x0000000000000000 (0)
00:00:01.938827 
00:00:01.938828 [/CPUM/IsaExts/] (level 2)
00:00:01.938828 
00:00:01.938829 [/DBGC/] (level 1)
00:00:01.938830   GlobalInitScript <string>  = "C:\Users\s-013-29.GUMIFOREST\.VirtualBox/dbgc-init" (cb=51)
00:00:01.938830   HistoryFile      <string>  = "C:\Users\s-013-29.GUMIFOREST\.VirtualBox/dbgc-history" (cb=54)
00:00:01.938831   LocalInitScript  <string>  = "C:\Users\s-013-29.GUMIFOREST\Desktop\dos/dbgc-init" (cb=51)
00:00:01.938832 
00:00:01.938832 [/DBGF/] (level 1)
00:00:01.938833   Path <string>  = "C:\Users\s-013-29.GUMIFOREST\Desktop\dos/debug/;C:\Users\s-013-29.GUMIFOREST\Desktop\dos/;C:\Users\s-013-29.GUMIFOREST\" (cb=120)
00:00:01.938834 
00:00:01.938834 [/Devices/] (level 1)
00:00:01.938834 
00:00:01.938834 [/Devices/8237A/] (level 2)
00:00:01.938835 
00:00:01.938836 [/Devices/8237A/0/] (level 3)
00:00:01.938837   Trusted <integer> = 0x0000000000000001 (1)
00:00:01.938837 
00:00:01.938837 [/Devices/VMMDev/] (level 2)
00:00:01.938838 
00:00:01.938838 [/Devices/VMMDev/0/] (level 3)
00:00:01.938839   PCIBusNo      <integer> = 0x0000000000000000 (0)
00:00:01.938840   PCIDeviceNo   <integer> = 0x0000000000000004 (4)
00:00:01.938841   PCIFunctionNo <integer> = 0x0000000000000000 (0)
00:00:01.938841   Trusted       <integer> = 0x0000000000000001 (1)
00:00:01.938842 
00:00:01.938842 [/Devices/VMMDev/0/Config/] (level 4)
00:00:01.938843   GuestCoreDumpDir <string>  = "C:\Users\s-013-29.GUMIFOREST\Desktop\dos\Snapshots" (cb=51)
00:00:01.938843 
00:00:01.938844 [/Devices/VMMDev/0/LUN#0/] (level 4)
00:00:01.938845   Driver <string>  = "HGCM" (cb=5)
00:00:01.938845 
00:00:01.938845 [/Devices/VMMDev/0/LUN#0/Config/] (level 5)
00:00:01.938846   Object <integer> = 0x000000000579d5d0 (91 870 672)
00:00:01.938847 
00:00:01.938847 [/Devices/VMMDev/0/LUN#999/] (level 4)
00:00:01.938848   Driver <string>  = "MainStatus" (cb=11)
00:00:01.938849 
00:00:01.938849 [/Devices/VMMDev/0/LUN#999/Config/] (level 5)
00:00:01.938850   First   <integer> = 0x0000000000000000 (0)
00:00:01.938851   Last    <integer> = 0x0000000000000000 (0)
00:00:01.938851   papLeds <integer> = 0x00000000026b1cb8 (40 574 136)
00:00:01.938852 
00:00:01.938852 [/Devices/acpi/] (level 2)
00:00:01.938853 
00:00:01.938853 [/Devices/acpi/0/] (level 3)
00:00:01.938854   PCIBusNo      <integer> = 0x0000000000000000 (0)
00:00:01.938855   PCIDeviceNo   <integer> = 0x0000000000000007 (7)
00:00:01.938855   PCIFunctionNo <integer> = 0x0000000000000000 (0)
00:00:01.938856   Trusted       <integer> = 0x0000000000000001 (1)
00:00:01.938856 
00:00:01.938857 [/Devices/acpi/0/Config/] (level 4)
00:00:01.938858   CpuHotPlug          <integer> = 0x0000000000000000 (0)
00:00:01.938859   FdcEnabled          <integer> = 0x0000000000000000 (0)
00:00:01.938860   HostBusPciAddress   <integer> = 0x0000000000000000 (0)
00:00:01.938860   HpetEnabled         <integer> = 0x0000000000000000 (0)
00:00:01.938861   IOAPIC              <integer> = 0x0000000000000000 (0)
00:00:01.938862   IocPciAddress       <integer> = 0x0000000000010000 (65 536)
00:00:01.938862   NumCPUs             <integer> = 0x0000000000000001 (1)
00:00:01.938863   Parallel0IoPortBase <integer> = 0x0000000000000000 (0)
00:00:01.938864   Parallel0Irq        <integer> = 0x0000000000000000 (0)
00:00:01.938864   Parallel1IoPortBase <integer> = 0x0000000000000000 (0)
00:00:01.938865   Parallel1Irq        <integer> = 0x0000000000000000 (0)
00:00:01.938865   Serial0IoPortBase   <integer> = 0x0000000000000000 (0)
00:00:01.938866   Serial0Irq          <integer> = 0x0000000000000000 (0)
00:00:01.938867   Serial1IoPortBase   <integer> = 0x0000000000000000 (0)
00:00:01.938867   Serial1Irq          <integer> = 0x0000000000000000 (0)
00:00:01.938868   ShowCpu             <integer> = 0x0000000000000000 (0)
00:00:01.938868   ShowRtc             <integer> = 0x0000000000000000 (0)
00:00:01.938869   SmcEnabled          <integer> = 0x0000000000000000 (0)
00:00:01.938870 
00:00:01.938870 [/Devices/acpi/0/LUN#0/] (level 4)
00:00:01.938871   Driver <string>  = "ACPIHost" (cb=9)
00:00:01.938872 
00:00:01.938872 [/Devices/acpi/0/LUN#0/Config/] (level 5)
00:00:01.938873 
00:00:01.938873 [/Devices/apic/] (level 2)
00:00:01.938873 
00:00:01.938874 [/Devices/apic/0/] (level 3)
00:00:01.938875   Trusted <integer> = 0x0000000000000001 (1)
00:00:01.938875 
00:00:01.938875 [/Devices/apic/0/Config/] (level 4)
00:00:01.938876   IOAPIC  <integer> = 0x0000000000000000 (0)
00:00:01.938877   Mode    <integer> = 0x0000000000000002 (2)
00:00:01.938877   NumCPUs <integer> = 0x0000000000000001 (1)
00:00:01.938878 
00:00:01.938878 [/Devices/e1000/] (level 2)
00:00:01.938879 
00:00:01.938879 [/Devices/i8254/] (level 2)
00:00:01.938879 
00:00:01.938880 [/Devices/i8254/0/] (level 3)
00:00:01.938880 
00:00:01.938881 [/Devices/i8254/0/Config/] (level 4)
00:00:01.938881 
00:00:01.938881 [/Devices/i8259/] (level 2)
00:00:01.938882 
00:00:01.938882 [/Devices/i8259/0/] (level 3)
00:00:01.938883   Trusted <integer> = 0x0000000000000001 (1)
00:00:01.938884 
00:00:01.938884 [/Devices/i8259/0/Config/] (level 4)
00:00:01.938885 
00:00:01.938885 [/Devices/mc146818/] (level 2)
00:00:01.938886 
00:00:01.938886 [/Devices/mc146818/0/] (level 3)
00:00:01.938887 
00:00:01.938887 [/Devices/mc146818/0/Config/] (level 4)
00:00:01.938888   UseUTC <integer> = 0x0000000000000000 (0)
00:00:01.938888 
00:00:01.938889 [/Devices/parallel/] (level 2)
00:00:01.938889 
00:00:01.938889 [/Devices/pcarch/] (level 2)
00:00:01.938890 
00:00:01.938890 [/Devices/pcarch/0/] (level 3)
00:00:01.938891   Trusted <integer> = 0x0000000000000001 (1)
00:00:01.938892 
00:00:01.938892 [/Devices/pcarch/0/Config/] (level 4)
00:00:01.938893 
00:00:01.938893 [/Devices/pcbios/] (level 2)
00:00:01.938893 
00:00:01.938893 [/Devices/pcbios/0/] (level 3)
00:00:01.938894   Trusted <integer> = 0x0000000000000001 (1)
00:00:01.938895 
00:00:01.938895 [/Devices/pcbios/0/Config/] (level 4)
00:00:01.938896   APIC           <integer> = 0x0000000000000001 (1)
00:00:01.938897   BootDevice0    <string>  = "IDE" (cb=4)
00:00:01.938897   BootDevice1    <string>  = "NONE" (cb=5)
00:00:01.938898   BootDevice2    <string>  = "NONE" (cb=5)
00:00:01.938899   BootDevice3    <string>  = "NONE" (cb=5)
00:00:01.938899   FloppyDevice   <string>  = "i82078" (cb=7)
00:00:01.938900   HardDiskDevice <string>  = "piix3ide" (cb=9)
00:00:01.938900   IOAPIC         <integer> = 0x0000000000000000 (0)
00:00:01.938901   LanBootRom     <string>  = "c:\Program Files\Oracle\VirtualBox\ExtensionPacks\Oracle_VM_VirtualBox_Extension_Pack\PXE-Intel.rom" (cb=100)
00:00:01.938902   McfgBase       <integer> = 0x0000000000000000 (0)
00:00:01.938902   McfgLength     <integer> = 0x0000000000000000 (0)
00:00:01.938903   NumCPUs        <integer> = 0x0000000000000001 (1)
00:00:01.938903   PXEDebug       <integer> = 0x0000000000000000 (0)
00:00:01.938904   UUID           <bytes>   = "9d 43 69 09 59 1d 46 48 81 c0 52 4d 66 4f 0e 1c" (cb=16)
00:00:01.938906 
00:00:01.938906 [/Devices/pcbios/0/Config/NetBoot/] (level 5)
00:00:01.938907 
00:00:01.938907 [/Devices/pcbios/0/Config/NetBoot/0/] (level 6)
00:00:01.938908   NIC           <integer> = 0x0000000000000000 (0)
00:00:01.938909   PCIBusNo      <integer> = 0x0000000000000000 (0)
00:00:01.938909   PCIDeviceNo   <integer> = 0x0000000000000003 (3)
00:00:01.938910   PCIFunctionNo <integer> = 0x0000000000000000 (0)
00:00:01.938911 
00:00:01.938911 [/Devices/pci/] (level 2)
00:00:01.938911 
00:00:01.938912 [/Devices/pci/0/] (level 3)
00:00:01.938912   Trusted <integer> = 0x0000000000000001 (1)
00:00:01.938913 
00:00:01.938913 [/Devices/pci/0/Config/] (level 4)
00:00:01.938914   IOAPIC <integer> = 0x0000000000000000 (0)
00:00:01.938914 
00:00:01.938914 [/Devices/pcibridge/] (level 2)
00:00:01.938915 
00:00:01.938915 [/Devices/pckbd/] (level 2)
00:00:01.938916 
00:00:01.938916 [/Devices/pckbd/0/] (level 3)
00:00:01.938917   Trusted <integer> = 0x0000000000000001 (1)
00:00:01.938918 
00:00:01.938918 [/Devices/pckbd/0/Config/] (level 4)
00:00:01.938918 
00:00:01.938919 [/Devices/pckbd/0/LUN#0/] (level 4)
00:00:01.938919   Driver <string>  = "KeyboardQueue" (cb=14)
00:00:01.938920 
00:00:01.938920 [/Devices/pckbd/0/LUN#0/AttachedDriver/] (level 5)
00:00:01.938921   Driver <string>  = "MainKeyboard" (cb=13)
00:00:01.938922 
00:00:01.938922 [/Devices/pckbd/0/LUN#0/AttachedDriver/Config/] (level 6)
00:00:01.938923   Object <integer> = 0x00000000025f5b80 (39 803 776)
00:00:01.938923 
00:00:01.938924 [/Devices/pckbd/0/LUN#0/Config/] (level 5)
00:00:01.938925   QueueSize <integer> = 0x0000000000000040 (64)
00:00:01.938926 
00:00:01.938926 [/Devices/pckbd/0/LUN#1/] (level 4)
00:00:01.938927   Driver <string>  = "MouseQueue" (cb=11)
00:00:01.938927 
00:00:01.938927 [/Devices/pckbd/0/LUN#1/AttachedDriver/] (level 5)
00:00:01.938928   Driver <string>  = "MainMouse" (cb=10)
00:00:01.938929 
00:00:01.938929 [/Devices/pckbd/0/LUN#1/AttachedDriver/Config/] (level 6)
00:00:01.938930   Object <integer> = 0x00000000025ec3c0 (39 764 928)
00:00:01.938931 
00:00:01.938931 [/Devices/pckbd/0/LUN#1/Config/] (level 5)
00:00:01.938932   QueueSize <integer> = 0x0000000000000080 (128)
00:00:01.938933 
00:00:01.938933 [/Devices/pcnet/] (level 2)
00:00:01.938933 
00:00:01.938934 [/Devices/pcnet/0/] (level 3)
00:00:01.938934   PCIBusNo      <integer> = 0x0000000000000000 (0)
00:00:01.938935   PCIDeviceNo   <integer> = 0x0000000000000003 (3)
00:00:01.938936   PCIFunctionNo <integer> = 0x0000000000000000 (0)
00:00:01.938936   Trusted       <integer> = 0x0000000000000001 (1)
00:00:01.938937 
00:00:01.938937 [/Devices/pcnet/0/Config/] (level 4)
00:00:01.938938   CableConnected <integer> = 0x0000000000000001 (1)
00:00:01.938938   ChipType       <string>  = "Am79C973" (cb=9)
00:00:01.938939   LineSpeed      <integer> = 0x0000000000000000 (0)
00:00:01.938940   MAC            <bytes>   = "08 00 27 12 7a 05" (cb=6)
00:00:01.938941 
00:00:01.938941 [/Devices/pcnet/0/LUN#0/] (level 4)
00:00:01.938942   Driver <string>  = "NAT" (cb=4)
00:00:01.938942 
00:00:01.938942 [/Devices/pcnet/0/LUN#0/Config/] (level 5)
00:00:01.938943   AliasMode       <integer> = 0x0000000000000000 (0)
00:00:01.938944   BootFile        <string>  = "MS-DOS.pxe" (cb=11)
00:00:01.938945   DNSProxy        <integer> = 0x0000000000000000 (0)
00:00:01.938945   Network         <string>  = "10.0.2.0/24" (cb=12)
00:00:01.938946   PassDomain      <integer> = 0x0000000000000001 (1)
00:00:01.938947   TFTPPrefix      <string>  = "C:\Users\s-013-29.GUMIFOREST\.VirtualBox\TFTP" (cb=46)
00:00:01.938947   UseHostResolver <integer> = 0x0000000000000000 (0)
00:00:01.938948 
00:00:01.938948 [/Devices/pcnet/0/LUN#999/] (level 4)
00:00:01.938949   Driver <string>  = "MainStatus" (cb=11)
00:00:01.938949 
00:00:01.938950 [/Devices/pcnet/0/LUN#999/Config/] (level 5)
00:00:01.938951   First   <integer> = 0x0000000000000000 (0)
00:00:01.938951   Last    <integer> = 0x0000000000000000 (0)
00:00:01.938952   papLeds <integer> = 0x00000000026b1b98 (40 573 848)
00:00:01.938952 
00:00:01.938953 [/Devices/piix3ide/] (level 2)
00:00:01.938953 
00:00:01.938953 [/Devices/piix3ide/0/] (level 3)
00:00:01.938954   PCIBusNo      <integer> = 0x0000000000000000 (0)
00:00:01.938955   PCIDeviceNo   <integer> = 0x0000000000000001 (1)
00:00:01.938955   PCIFunctionNo <integer> = 0x0000000000000001 (1)
00:00:01.938956   Trusted       <integer> = 0x0000000000000001 (1)
00:00:01.938956 
00:00:01.938956 [/Devices/piix3ide/0/Config/] (level 4)
00:00:01.938957   Type <string>  = "PIIX4" (cb=6)
00:00:01.938958 
00:00:01.938958 [/Devices/piix3ide/0/LUN#0/] (level 4)
00:00:01.938959   Driver <string>  = "VD" (cb=3)
00:00:01.938959 
00:00:01.938959 [/Devices/piix3ide/0/LUN#0/Config/] (level 5)
00:00:01.938960   Format    <string>  = "VDI" (cb=4)
00:00:01.938961   Mountable <integer> = 0x0000000000000000 (0)
00:00:01.938961   Path      <string>  = "C:\Users\s-013-29.GUMIFOREST\Desktop\dos\MS-DOS.vdi" (cb=52)
00:00:01.938962   Type      <string>  = "HardDisk" (cb=9)
00:00:01.938963 
00:00:01.938963 [/Devices/piix3ide/0/LUN#0/Config/Plugins/] (level 6)
00:00:01.938964 
00:00:01.938964 [/Devices/piix3ide/0/LUN#0/Config/Plugins/VDPluginCrypt/] (level 7)
00:00:01.938965   Path <string>  = "c:\Program Files\Oracle\VirtualBox\ExtensionPacks\Oracle_VM_VirtualBox_Extension_Pack\win.amd64\VDPluginCrypt.DLL" (cb=114)
00:00:01.938966 
00:00:01.938966 [/Devices/piix3ide/0/LUN#999/] (level 4)
00:00:01.938967   Driver <string>  = "MainStatus" (cb=11)
00:00:01.938967 
00:00:01.938968 [/Devices/piix3ide/0/LUN#999/Config/] (level 5)
00:00:01.938968   DeviceInstance        <string>  = "piix3ide/0" (cb=11)
00:00:01.938969   First                 <integer> = 0x0000000000000000 (0)
00:00:01.938970   Last                  <integer> = 0x0000000000000003 (3)
00:00:01.938970   pConsole              <integer> = 0x00000000026b14b0 (40 572 080)
00:00:01.938971   papLeds               <integer> = 0x00000000026b1898 (40 573 080)
00:00:01.938972   pmapMediumAttachments <integer> = 0x00000000026b1cd8 (40 574 168)
00:00:01.938973 
00:00:01.938973 [/Devices/sb16/] (level 2)
00:00:01.938973 
00:00:01.938974 [/Devices/sb16/0/] (level 3)
00:00:01.938974   Trusted <integer> = 0x0000000000000001 (1)
00:00:01.938975 
00:00:01.938975 [/Devices/sb16/0/AudioConfig/] (level 4)
00:00:01.938976 
00:00:01.938976 [/Devices/sb16/0/Config/] (level 4)
00:00:01.938977   DMA     <integer> = 0x0000000000000001 (1)
00:00:01.938977   DMA16   <integer> = 0x0000000000000005 (5)
00:00:01.938978   IRQ     <integer> = 0x0000000000000005 (5)
00:00:01.938978   Port    <integer> = 0x0000000000000220 (544)
00:00:01.938979   Version <integer> = 0x0000000000000405 (1 029)
00:00:01.938980 
00:00:01.938980 [/Devices/sb16/0/LUN#0/] (level 4)
00:00:01.938981   Driver <string>  = "AUDIO" (cb=6)
00:00:01.938981 
00:00:01.938981 [/Devices/sb16/0/LUN#0/AttachedDriver/] (level 5)
00:00:01.938982   Driver <string>  = "DSoundAudio" (cb=12)
00:00:01.938983 
00:00:01.938983 [/Devices/sb16/0/LUN#0/AttachedDriver/Config/] (level 6)
00:00:01.938984   StreamName <string>  = "MS-DOS" (cb=7)
00:00:01.938985 
00:00:01.938985 [/Devices/sb16/0/LUN#0/Config/] (level 5)
00:00:01.938986   BufferSizeMs    <integer> = 0x0000000000000000 (0)
00:00:01.938987   DriverName      <string>  = "DSoundAudio" (cb=12)
00:00:01.938988   InputEnabled    <integer> = 0x0000000000000001 (1)
00:00:01.938988   OutputEnabled   <integer> = 0x0000000000000001 (1)
00:00:01.938989   PeriodSizeMs    <integer> = 0x0000000000000000 (0)
00:00:01.938989   PreBufferSizeMs <integer> = 0x00000000ffffffff (4 294 967 295)
00:00:01.938990 
00:00:01.938990 [/Devices/sb16/0/LUN#1/] (level 4)
00:00:01.938991   Driver <string>  = "AUDIO" (cb=6)
00:00:01.938991 
00:00:01.938992 [/Devices/sb16/0/LUN#2/] (level 4)
00:00:01.938992   Driver <string>  = "AUDIO" (cb=6)
00:00:01.938993 
00:00:01.938993 [/Devices/serial/] (level 2)
00:00:01.938994 
00:00:01.938994 [/Devices/usb-ohci/] (level 2)
00:00:01.938994 
00:00:01.938995 [/Devices/usb-ohci/0/] (level 3)
00:00:01.938995   PCIBusNo      <integer> = 0x0000000000000000 (0)
00:00:01.938996   PCIDeviceNo   <integer> = 0x0000000000000006 (6)
00:00:01.938997   PCIFunctionNo <integer> = 0x0000000000000000 (0)
00:00:01.938997   Trusted       <integer> = 0x0000000000000001 (1)
00:00:01.938998 
00:00:01.938998 [/Devices/usb-ohci/0/Config/] (level 4)
00:00:01.938999 
00:00:01.938999 [/Devices/usb-ohci/0/LUN#0/] (level 4)
00:00:01.939000   Driver <string>  = "VUSBRootHub" (cb=12)
00:00:01.939000 
00:00:01.939000 [/Devices/usb-ohci/0/LUN#0/Config/] (level 5)
00:00:01.939001 
00:00:01.939001 [/Devices/usb-ohci/0/LUN#999/] (level 4)
00:00:01.939002   Driver <string>  = "MainStatus" (cb=11)
00:00:01.939003 
00:00:01.939003 [/Devices/usb-ohci/0/LUN#999/Config/] (level 5)
00:00:01.939004   First   <integer> = 0x0000000000000000 (0)
00:00:01.939005   Last    <integer> = 0x0000000000000000 (0)
00:00:01.939005   papLeds <integer> = 0x00000000026b1cc0 (40 574 144)
00:00:01.939006 
00:00:01.939006 [/Devices/vga/] (level 2)
00:00:01.939006 
00:00:01.939007 [/Devices/vga/0/] (level 3)
00:00:01.939007   PCIBusNo      <integer> = 0x0000000000000000 (0)
00:00:01.939008   PCIDeviceNo   <integer> = 0x0000000000000002 (2)
00:00:01.939008   PCIFunctionNo <integer> = 0x0000000000000000 (0)
00:00:01.939009   Trusted       <integer> = 0x0000000000000001 (1)
00:00:01.939009 
00:00:01.939010 [/Devices/vga/0/Config/] (level 4)
00:00:01.939010   3DEnabled        <integer> = 0x0000000000000000 (0)
00:00:01.939011   CustomVideoModes <integer> = 0x0000000000000000 (0)
00:00:01.939011   FadeIn           <integer> = 0x0000000000000001 (1)
00:00:01.939012   FadeOut          <integer> = 0x0000000000000001 (1)
00:00:01.939013   HeightReduction  <integer> = 0x0000000000000000 (0)
00:00:01.939013   LogoFile         <string>  = "" (cb=1)
00:00:01.939014   LogoTime         <integer> = 0x0000000000000000 (0)
00:00:01.939014   MonitorCount     <integer> = 0x0000000000000001 (1)
00:00:01.939015   ShowBootMenu     <integer> = 0x0000000000000002 (2)
00:00:01.939015   VRamSize         <integer> = 0x0000000000500000 (5 242 880, 5 MB)
00:00:01.939016 
00:00:01.939016 [/Devices/vga/0/LUN#0/] (level 4)
00:00:01.939017   Driver <string>  = "MainDisplay" (cb=12)
00:00:01.939018 
00:00:01.939018 [/Devices/vga/0/LUN#0/Config/] (level 5)
00:00:01.939019   Object <integer> = 0x0000000002689e00 (40 410 624)
00:00:01.939019 
00:00:01.939019 [/Devices/vga/0/LUN#999/] (level 4)
00:00:01.939020   Driver <string>  = "MainStatus" (cb=11)
00:00:01.939021 
00:00:01.939021 [/Devices/vga/0/LUN#999/Config/] (level 5)
00:00:01.939022   First   <integer> = 0x0000000000000000 (0)
00:00:01.939022   Last    <integer> = 0x0000000000000000 (0)
00:00:01.939023   papLeds <integer> = 0x00000000026b1cd0 (40 574 160)
00:00:01.939023 
00:00:01.939024 [/Devices/virtio-net/] (level 2)
00:00:01.939024 
00:00:01.939024 [/EM/] (level 1)
00:00:01.939025   TripleFaultReset <integer> = 0x0000000000000000 (0)
00:00:01.939026 
00:00:01.939026 [/GIM/] (level 1)
00:00:01.939026   Provider <string>  = "None" (cb=5)
00:00:01.939027 
00:00:01.939027 [/HM/] (level 1)
00:00:01.939028   64bitEnabled       <integer> = 0x0000000000000001 (1)
00:00:01.939028   EnableLargePages   <integer> = 0x0000000000000000 (0)
00:00:01.939029   EnableNestedPaging <integer> = 0x0000000000000001 (1)
00:00:01.939029   EnableUX           <integer> = 0x0000000000000001 (1)
00:00:01.939030   EnableVPID         <integer> = 0x0000000000000001 (1)
00:00:01.939030   Exclusive          <integer> = 0x0000000000000000 (0)
00:00:01.939031   HMForced           <integer> = 0x0000000000000001 (1)
00:00:01.939031   IBPBOnVMEntry      <integer> = 0x0000000000000000 (0)
00:00:01.939032   IBPBOnVMExit       <integer> = 0x0000000000000000 (0)
00:00:01.939033   L1DFlushOnSched    <integer> = 0x0000000000000001 (1)
00:00:01.939033   L1DFlushOnVMEntry  <integer> = 0x0000000000000000 (0)
00:00:01.939034   MDSClearOnSched    <integer> = 0x0000000000000001 (1)
00:00:01.939034   MDSClearOnVMEntry  <integer> = 0x0000000000000000 (0)
00:00:01.939035   SpecCtrlByHost     <integer> = 0x0000000000000000 (0)
00:00:01.939035   UseNEMInstead      <integer> = 0x0000000000000000 (0)
00:00:01.939036 
00:00:01.939036 [/MM/] (level 1)
00:00:01.939036   CanUseLargerHeap <integer> = 0x0000000000000000 (0)
00:00:01.939037 
00:00:01.939037 [/NEM/] (level 1)
00:00:01.939038   Allow64BitGuests <integer> = 0x0000000000000001 (1)
00:00:01.939038 
00:00:01.939038 [/PDM/] (level 1)
00:00:01.939039 
00:00:01.939039 [/PDM/AsyncCompletion/] (level 2)
00:00:01.939040 
00:00:01.939040 [/PDM/AsyncCompletion/File/] (level 3)
00:00:01.939041 
00:00:01.939041 [/PDM/AsyncCompletion/File/BwGroups/] (level 4)
00:00:01.939042 
00:00:01.939042 [/PDM/BlkCache/] (level 2)
00:00:01.939043   CacheSize <integer> = 0x0000000000500000 (5 242 880, 5 MB)
00:00:01.939044 
00:00:01.939044 [/PDM/Devices/] (level 2)
00:00:01.939044 
00:00:01.939045 [/PDM/Devices/VBoxEhci/] (level 3)
00:00:01.939045   Path         <string>  = "c:\Program Files\Oracle\VirtualBox\ExtensionPacks\Oracle_VM_VirtualBox_Extension_Pack\win.amd64\VBoxEhciR3.DLL" (cb=111)
00:00:01.939046   R0SearchPath <string>  = "c:\Program Files\Oracle\VirtualBox\ExtensionPacks\Oracle_VM_VirtualBox_Extension_Pack\win.amd64" (cb=96)
00:00:01.939047   RCSearchPath <string>  = "c:\Program Files\Oracle\VirtualBox\ExtensionPacks\Oracle_VM_VirtualBox_Extension_Pack\win.amd64" (cb=96)
00:00:01.939047 
00:00:01.939048 [/PDM/Devices/VBoxNvme/] (level 3)
00:00:01.939048   Path         <string>  = "c:\Program Files\Oracle\VirtualBox\ExtensionPacks\Oracle_VM_VirtualBox_Extension_Pack\win.amd64\VBoxNvmeR3.DLL" (cb=111)
00:00:01.939049   R0SearchPath <string>  = "c:\Program Files\Oracle\VirtualBox\ExtensionPacks\Oracle_VM_VirtualBox_Extension_Pack\win.amd64" (cb=96)
00:00:01.939050   RCSearchPath <string>  = "c:\Program Files\Oracle\VirtualBox\ExtensionPacks\Oracle_VM_VirtualBox_Extension_Pack\win.amd64" (cb=96)
00:00:01.939051 
00:00:01.939051 [/PDM/Drivers/] (level 2)
00:00:01.939051 
00:00:01.939051 [/PDM/Drivers/DrvHostWebcam/] (level 3)
00:00:01.939052   Path <string>  = "c:\Program Files\Oracle\VirtualBox\ExtensionPacks\Oracle_VM_VirtualBox_Extension_Pack\win.amd64\VBoxHostWebcam.DLL" (cb=115)
00:00:01.939053 
00:00:01.939053 [/PDM/Drivers/VBoxC/] (level 3)
00:00:01.939054   Path <string>  = "VBoxC" (cb=6)
00:00:01.939054 
00:00:01.939054 [/PDM/NetworkShaper/] (level 2)
00:00:01.939055 
00:00:01.939055 [/PDM/NetworkShaper/BwGroups/] (level 3)
00:00:01.939056 
00:00:01.939056 [/PDM/USB/] (level 2)
00:00:01.939057 
00:00:01.939057 [/PDM/USB/VBoxUsbCardReader/] (level 3)
00:00:01.939058   Path <string>  = "c:\Program Files\Oracle\VirtualBox\ExtensionPacks\Oracle_VM_VirtualBox_Extension_Pack\win.amd64\VBoxUsbCardReaderR3.DLL" (cb=120)
00:00:01.939058 
00:00:01.939058 [/PDM/USB/VBoxUsbWebcam/] (level 3)
00:00:01.939059   Path <string>  = "c:\Program Files\Oracle\VirtualBox\ExtensionPacks\Oracle_VM_VirtualBox_Extension_Pack\win.amd64\VBoxUsbWebcamR3.DLL" (cb=116)
00:00:01.939060 
00:00:01.939060 [/TM/] (level 1)
00:00:01.939060   UTCOffset <integer> = 0x0000000000000000 (0)
00:00:01.939061 
00:00:01.939061 [/USB/] (level 1)
00:00:01.939062 
00:00:01.939062 [/USB/USBProxy/] (level 2)
00:00:01.939062 
00:00:01.939063 [/USB/USBProxy/GlobalConfig/] (level 3)
00:00:01.939063 
00:00:01.939064 ********************* End of CFGM dump **********************
00:00:01.939070 VM: fHMEnabled=true  (configured) fRecompileUser=false fRecompileSupervisor=false
00:00:01.939072 VM: fRawRing1Enabled=false CSAM=true  PATM=true 
00:00:01.939257 HM: HMR3Init: AMD-V w/ nested paging
00:00:01.939289 MM: cbHyperHeap=0x100000 (1048576)
00:00:01.939938 CPUM: fXStateHostMask=0x7; initial: 0x7; host XCR0=0x7
00:00:01.941032 CPUM: Matched host CPU AMD 0x17/0x11/0x0 AMD_Zen_Ryzen with CPU DB entry 'AMD FX-8150 Eight-Core' (AMD 0x15/0x1/0x2 AMD_15h_Bulldozer)
00:00:01.941062 CPUM: MXCSR_MASK=0x2ffff (host: 0x2ffff)
00:00:01.941075 CPUM: Microcode revision 0x0810100B
00:00:01.941091 CPUM: MSR fudge: 0x00000017 IA32_PLATFORM_ID
00:00:01.941098 CPUM: MSR fudge: 0x000001a0 IA32_MISC_ENABLE
00:00:01.941105 CPUM: MSR fudge: 0x0000002c P4_EBC_FREQUENCY_ID
00:00:01.941513 PGM: HCPhysInterPD=000000000320b000 HCPhysInterPaePDPT=000000000320d000 HCPhysInterPaePML4=000000000320f000
00:00:01.941523 PGM: apInterPTs={00000000026cb000,000000000320c000} apInterPaePTs={00000002b0fcd000,00000002b0fce000} apInterPaePDs={00000002b0ecf000,00000002b0fd0000,00000002aa7d1000,00000002aa6d2000} pInterPaePDPT64=000000000320e000
00:00:01.941531 PGM: Host paging mode: AMD64+PGE+NX
00:00:01.941540 PGM: PGMPool: cMaxPages=48 (u64MaxPages=48)
00:00:01.941546 PGM: pgmR3PoolInit: cMaxPages=0x30 cMaxUsers=0x60 cMaxPhysExts=0x60 fCacheEnable=true 
00:00:01.945278 TM: GIP - u32Mode=3 (Invariant) u32UpdateHz=93 u32UpdateIntervalNS=10720600 enmUseTscDelta=2 (Practically Zero) fGetGipCpu=0xb cCpus=4
00:00:01.945305 TM: GIP - u64CpuHz=3 493 421 268 (0xd03960d4)  SUPGetCpuHzFromGip => 3 493 421 268
00:00:01.945315 TM: GIP - CPU: iCpuSet=0x0 idCpu=0x0 idApic=0x0 iGipCpu=0x1 i64TSCDelta=0 enmState=3 u64CpuHz=3493413175(*) cErrors=0
00:00:01.945325 TM: GIP - CPU: iCpuSet=0x1 idCpu=0x1 idApic=0x1 iGipCpu=0x3 i64TSCDelta=0 enmState=3 u64CpuHz=3493419986(*) cErrors=0
00:00:01.945333 TM: GIP - CPU: iCpuSet=0x2 idCpu=0x2 idApic=0x2 iGipCpu=0x2 i64TSCDelta=0 enmState=3 u64CpuHz=3493410450(*) cErrors=0
00:00:01.945341 TM: GIP - CPU: iCpuSet=0x3 idCpu=0x3 idApic=0x3 iGipCpu=0x0 i64TSCDelta=0 enmState=3 u64CpuHz=3493421268(*) cErrors=0
00:00:01.945392 TM: cTSCTicksPerSecond=3 493 421 268 (0xd03960d4) enmTSCMode=3 (Dynamic)
00:00:01.945394 TM: TSCTiedToExecution=false TSCNotTiedToHalt=false
00:00:01.945883 VMM: CoreCode: R3=0000000009f80000 R0=XXXXXXXXXXXXXXXX RC=a0172000 Phys=000000009ec0f000 cb=0x1000
00:00:01.946367 EMR3Init: fRecompileUser=false fRecompileSupervisor=false fRawRing1Enabled=false fIemExecutesAll=false fGuruOnTripleFault=true 
00:00:01.946743 IEM: TargetCpu=CURRENT, Microarch=AMD_Zen_Ryzen
00:00:01.946853 GIM: Using provider 'None' (Implementation version: 0)
00:00:01.946967 AIOMgr: Default manager type is 'Async'
00:00:01.946989 AIOMgr: Default file backend is 'NonBuffered'
00:00:01.947215 BlkCache: Cache successfully initialized. Cache size is 5242880 bytes
00:00:01.947230 BlkCache: Cache commit interval is 10000 ms
00:00:01.947237 BlkCache: Cache commit threshold is 2621440 bytes
00:00:02.237086 PcBios: [SMP] BIOS with 1 CPUs
00:00:02.237116 PcBios: Using the 386+ BIOS image.
00:00:02.238198 PcBios: Using LAN ROM 'c:\Program Files\Oracle\VirtualBox\ExtensionPacks\Oracle_VM_VirtualBox_Extension_Pack\PXE-Intel.rom' with a size of 0xc000 bytes
00:00:02.238288 PcBios: fCheckShutdownStatusForSoftReset=true   fClearShutdownStatusOnHardReset=true 
00:00:02.253698 SUP: Loaded VBoxDDR0.r0 (C:\Program Files\Oracle\VirtualBox\VBoxDDR0.r0) at 0xXXXXXXXXXXXXXXXX - ModuleInit at XXXXXXXXXXXXXXXX and ModuleTerm at XXXXXXXXXXXXXXXX using the native ring-0 loader
00:00:02.253713 SUP: windbg> .reload /f C:\Program Files\Oracle\VirtualBox\VBoxDDR0.r0=0xXXXXXXXXXXXXXXXX
00:00:02.253958 CPUM: SetGuestCpuIdFeature: Enabled xAPIC
00:00:02.254160 PIT: mode=3 count=0x10000 (65536) - 18.20 Hz (ch=0)
00:00:02.266128 Shared Folders service loaded
00:00:02.277669 Guest Control service loaded
00:00:02.291253 VGA: Using the 386+ BIOS image.
00:00:02.292776 VD: VDInit finished with VINF_SUCCESS
00:00:02.313808 DrvVD: Flushes will be ignored
00:00:02.313820 DrvVD: Async flushes will be passed to the disk
00:00:02.313995 VD: Opening the disk took 160183 ns
00:00:02.314141 PIIX3 ATA: LUN#0: disk, PCHS=103/16/63, total number of sectors 104448
00:00:02.314210 PIIX3 ATA: LUN#1: no unit
00:00:02.314294 PIIX3 ATA: LUN#2: no unit
00:00:02.314304 PIIX3 ATA: LUN#3: no unit
00:00:02.314328 PIIX3 ATA: Ctl#0: finished processing RESET
00:00:02.314400 PIIX3 ATA: Ctl#1: finished processing RESET
00:00:02.331016 NAT: Guest address guess set to 10.0.2.15 by initialization
00:00:02.347088 NAT: DNS#0: 10.10.0.8
00:00:02.347111 NAT: DNS#1: 10.10.0.4
00:00:02.347862 Audio: Initializing DirectSound audio driver
00:00:02.522643 DSound: Capture device currently is unavailable
00:00:02.522659 DSound: Error enumeration capture device 'Podstawowy sterownik przechwytywania dźwięku', rc=VERR_GENERAL_FAILURE
00:00:02.531499 DSound: Capture device currently is unavailable
00:00:02.531520 DSound: Error enumeration capture device 'Podstawowy sterownik przechwytywania dźwięku', rc=VERR_GENERAL_FAILURE
00:00:02.531533 Audio: Found 2 devices for driver 'DSoundAudio'
00:00:02.531542 Audio: Device 'Podstawowy sterownik dźwięku':
00:00:02.531550 Audio: 	Usage           = Output
00:00:02.531557 Audio: 	Flags           = DEFAULT
00:00:02.531563 Audio: 	Input channels  = 0
00:00:02.531570 Audio: 	Output channels = 2
00:00:02.531578 Audio: Device '2 - PHL 223V7 (2 — AMD High Definition Audio Device)':
00:00:02.531584 Audio: 	Usage           = Output
00:00:02.531591 Audio: 	Flags           = NONE
00:00:02.531597 Audio: 	Input channels  = 0
00:00:02.531604 Audio: 	Output channels = 2
00:00:02.532112 PGM: The CPU physical address width is 48 bits
00:00:02.532124 PGM: PGMR3InitFinalize: 4 MB PSE mask 0000ffffffffffff
00:00:02.532284 TM: TMR3InitFinalize: fTSCModeSwitchAllowed=false
00:00:02.532528 VMM: Thread-context hooks unavailable
00:00:02.532536 VMM: RTThreadPreemptIsPending() can be trusted
00:00:02.532542 VMM: Kernel preemption is possible
00:00:02.532828 HM: fWorldSwitcher=0x0 (fIbpbOnVmExit=false fIbpbOnVmEntry=false fL1dFlushOnVmEntry=false); fL1dFlushOnSched=false fMdsClearOnVmEntry=false
00:00:02.532839 HM: Using AMD-V implementation 2.0
00:00:02.532840 HM: Max resume loops                  = 8192
00:00:02.532841 HM: AMD HWCR MSR                      = 0x9000011
00:00:02.532842 HM: AMD-V revision                    = 0x1
00:00:02.532843 HM: AMD-V max ASID                    = 32768
00:00:02.532843 HM: AMD-V features                    = 0x1bcff
00:00:02.532844 HM:   NESTED_PAGING
00:00:02.532844 HM:   LBR_VIRT
00:00:02.532845 HM:   SVM_LOCK
00:00:02.532845 HM:   NRIP_SAVE
00:00:02.532845 HM:   TSC_RATE_MSR
00:00:02.532846 HM:   VMCB_CLEAN
00:00:02.532846 HM:   FLUSH_BY_ASID
00:00:02.532846 HM:   DECODE_ASSISTS
00:00:02.532847 HM:   PAUSE_FILTER
00:00:02.532847 HM:   PAUSE_FILTER_THRESHOLD
00:00:02.532847 HM:   AVIC
00:00:02.532848 HM:   VIRT_VMSAVE_VMLOAD
00:00:02.532848 HM:   VGIF
00:00:02.532848 HM:   Reserved bit 11
00:00:02.532858 HM: Enabled SVM
00:00:02.532859 HM:   Enabled nested paging
00:00:02.532861 CPUM: SetGuestCpuIdFeature: Enabled SYSENTER/EXIT
00:00:02.532861 CPUM: SetGuestCpuIdFeature: Enabled SYSCALL/RET
00:00:02.532862 CPUM: SetGuestCpuIdFeature: Enabled PAE
00:00:02.532862 CPUM: SetGuestCpuIdFeature: Enabled LONG MODE
00:00:02.532863 CPUM: SetGuestCpuIdFeature: Enabled NX
00:00:02.532863 CPUM: SetGuestCpuIdFeature: Enabled LAHF/SAHF
00:00:02.532864 HM: Disabled TPR patching
00:00:02.532864 HM: Guest support: 32-bit and 64-bit
00:00:02.532865 HM: VT-x/AMD-V init method: LOCAL
00:00:02.532866 EM: Exit history optimizations: enabled=true  enabled-r0=true  enabled-r0-no-preemption=false
00:00:02.532879 VMM: fUsePeriodicPreemptionTimers=false
00:00:02.532890 CPUM: Logical host processors: 4 present, 4 max, 4 online, online mask: 000000000000000f
00:00:02.532892 CPUM: Physical host cores: 4
00:00:02.532893 ************************* CPUID dump ************************
00:00:02.532900          Raw Standard CPUID Leaves
00:00:02.532900      Leaf/sub-leaf  eax      ebx      ecx      edx
00:00:02.532902 Gst: 00000000/0000  0000000d 68747541 444d4163 69746e65
00:00:02.532904 Hst:                0000000d 68747541 444d4163 69746e65
00:00:02.532905 Gst: 00000001/0000  00810f10 00010800 56d8220b 178bfbff
00:00:02.532906 Hst:                00810f10 02040800 7ed8320b 178bfbff
00:00:02.532907 Gst: 00000002/0000  00000000 00000000 00000000 00000000
00:00:02.532909 Hst:                00000000 00000000 00000000 00000000
00:00:02.532910 Gst: 00000003/0000  00000000 00000000 00000000 00000000
00:00:02.532911 Hst:                00000000 00000000 00000000 00000000
00:00:02.532912 Gst: 00000004/0000  00000000 00000000 00000000 00000000
00:00:02.532912 Hst:                00000000 00000000 00000000 00000000
00:00:02.532913 Gst: 00000005/0000  00000040 00000040 00000000 00000000
00:00:02.532914 Hst:                00000040 00000040 00000003 00000011
00:00:02.532914 Gst: 00000006/0000  00000000 00000000 00000000 00000000
00:00:02.532915 Hst:                00000004 00000000 00000001 00000000
00:00:02.532916 Gst: 00000007/0000  00000000 00840021 00000000 00000000
00:00:02.532917 Hst:                00000000 209c01a9 00000000 00000000
00:00:02.532917 Gst: 00000007/0001  00000000 00000000 00000000 00000000
00:00:02.532918 Hst:                00000000 00000000 00000000 00000000
00:00:02.532919 Gst: 00000008/0000  00000000 00000000 00000000 00000000
00:00:02.532919 Hst:                00000000 00000000 00000000 00000000
00:00:02.532920 Gst: 00000009/0000  00000000 00000000 00000000 00000000
00:00:02.532921 Hst:                00000000 00000000 00000000 00000000
00:00:02.532921 Gst: 0000000a/0000  00000000 00000000 00000000 00000000
00:00:02.532922 Hst:                00000000 00000000 00000000 00000000
00:00:02.532922 Gst: 0000000b/0000  00000000 00000000 00000000 00000000
00:00:02.532923 Hst:                00000000 00000000 00000000 00000000
00:00:02.532924 Gst: 0000000c/0000  00000000 00000000 00000000 00000000
00:00:02.532924 Hst:                00000000 00000000 00000000 00000000
00:00:02.532925 Gst: 0000000d/0000  00000007 00000340 00000340 00000000
00:00:02.532926 Hst:                00000007 00000340 00000340 00000000
00:00:02.532926 Gst: 0000000d/0001  00000000 00000340 00000000 00000000
00:00:02.532927 Hst:                0000000f 00000340 00000000 00000000
00:00:02.532928 Gst: 0000000d/0002  00000100 00000240 00000000 00000000
00:00:02.532928 Hst:                00000100 00000240 00000000 00000000
00:00:02.532929 Gst: 0000000d/0003  00000000 00000000 00000000 00000000
00:00:02.532930 Hst:                00000000 00000000 00000000 00000000
00:00:02.532938                                Name: AuthenticAMD
00:00:02.532939                            Supports: 0x00000000-0x0000000d
00:00:02.532942                              Family: 15 	Extended: 8 	Effective: 23
00:00:02.532943                               Model:  1 	Extended: 1 	Effective: 17
00:00:02.532945                            Stepping: 0
00:00:02.532945                                Type: 0 (primary)
00:00:02.532946                             APIC ID: 0x00
00:00:02.532947                        Logical CPUs: 1
00:00:02.532948                        CLFLUSH Size: 8
00:00:02.532948                            Brand ID: 0x00
00:00:02.532949 Features
00:00:02.532951   Mnemonic - Description                                  = guest (host)
00:00:02.532953   FPU - x87 FPU on Chip                                   = 1 (1)
00:00:02.532955   VME - Virtual 8086 Mode Enhancements                    = 1 (1)
00:00:02.532956   DE - Debugging extensions                               = 1 (1)
00:00:02.532957   PSE - Page Size Extension                               = 1 (1)
00:00:02.532958   TSC - Time Stamp Counter                                = 1 (1)
00:00:02.532959   MSR - Model Specific Registers                          = 1 (1)
00:00:02.532960   PAE - Physical Address Extension                        = 1 (1)
00:00:02.532961   MCE - Machine Check Exception                           = 1 (1)
00:00:02.532962   CX8 - CMPXCHG8B instruction                             = 1 (1)
00:00:02.532963   APIC - APIC On-Chip                                     = 1 (1)
00:00:02.532964   SEP - SYSENTER and SYSEXIT Present                      = 1 (1)
00:00:02.532965   MTRR - Memory Type Range Registers                      = 1 (1)
00:00:02.532966   PGE - PTE Global Bit                                    = 1 (1)
00:00:02.532967   MCA - Machine Check Architecture                        = 1 (1)
00:00:02.532968   CMOV - Conditional Move instructions                    = 1 (1)
00:00:02.532969   PAT - Page Attribute Table                              = 1 (1)
00:00:02.532971   PSE-36 - 36-bit Page Size Extension                     = 1 (1)
00:00:02.532972   PSN - Processor Serial Number                           = 0 (0)
00:00:02.532973   CLFSH - CLFLUSH instruction                             = 1 (1)
00:00:02.532974   DS - Debug Store                                        = 0 (0)
00:00:02.532975   ACPI - Thermal Mon. & Soft. Clock Ctrl.                 = 0 (0)
00:00:02.532976   MMX - Intel MMX Technology                              = 1 (1)
00:00:02.532977   FXSR - FXSAVE and FXRSTOR instructions                  = 1 (1)
00:00:02.532978   SSE - SSE support                                       = 1 (1)
00:00:02.532979   SSE2 - SSE2 support                                     = 1 (1)
00:00:02.532980   SS - Self Snoop                                         = 0 (0)
00:00:02.532981   HTT - Hyper-Threading Technology                        = 1 (1)
00:00:02.532981   TM - Therm. Monitor                                     = 0 (0)
00:00:02.532982   PBE - Pending Break Enabled                             = 0 (0)
00:00:02.532983   SSE3 - SSE3 support                                     = 1 (1)
00:00:02.532984   PCLMUL - PCLMULQDQ support (for AES-GCM)                = 1 (1)
00:00:02.532985   DTES64 - DS Area 64-bit Layout                          = 0 (0)
00:00:02.532986   MONITOR - MONITOR/MWAIT instructions                    = 1 (1)
00:00:02.532987   CPL-DS - CPL Qualified Debug Store                      = 0 (0)
00:00:02.532988   VMX - Virtual Machine Extensions                        = 0 (0)
00:00:02.532989   SMX - Safer Mode Extensions                             = 0 (0)
00:00:02.532990   EST - Enhanced SpeedStep Technology                     = 0 (0)
00:00:02.532990   TM2 - Terminal Monitor 2                                = 0 (0)
00:00:02.532991   SSSE3 - Supplemental Streaming SIMD Extensions 3        = 1 (1)
00:00:02.532992   CNTX-ID - L1 Context ID                                 = 0 (0)
00:00:02.532993   SDBG - Silicon Debug interface                          = 0 (0)
00:00:02.532994   FMA - Fused Multiply Add extensions                     = 0 (1)
00:00:02.532995   CX16 - CMPXCHG16B instruction                           = 1 (1)
00:00:02.532996   TPRUPDATE - xTPR Update Control                         = 0 (0)
00:00:02.532997   PDCM - Perf/Debug Capability MSR                        = 0 (0)
00:00:02.532998   PCID - Process Context Identifiers                      = 0 (0)
00:00:02.532998   DCA - Direct Cache Access                               = 0 (0)
00:00:02.532999   SSE4_1 - SSE4_1 support                                 = 1 (1)
00:00:02.533000   SSE4_2 - SSE4_2 support                                 = 1 (1)
00:00:02.533001   X2APIC - x2APIC support                                 = 0 (0)
00:00:02.533002   MOVBE - MOVBE instruction                               = 1 (1)
00:00:02.533003   POPCNT - POPCNT instruction                             = 1 (1)
00:00:02.533004   TSCDEADL - Time Stamp Counter Deadline                  = 0 (0)
00:00:02.533005   AES - AES instructions                                  = 1 (1)
00:00:02.533006   XSAVE - XSAVE instruction                               = 1 (1)
00:00:02.533007   OSXSAVE - OSXSAVE instruction                           = 0 (1)
00:00:02.533008   AVX - AVX support                                       = 1 (1)
00:00:02.533009   F16C - 16-bit floating point conversion instructions    = 0 (1)
00:00:02.533009   RDRAND - RDRAND instruction                             = 1 (1)
00:00:02.533010   HVP - Hypervisor Present (we're a guest)                = 0 (0)
00:00:02.533011 Structured Extended Feature Flags Enumeration (leaf 7):
00:00:02.533012   Mnemonic - Description                                  = guest (host)
00:00:02.533012   FSGSBASE - RDFSBASE/RDGSBASE/WRFSBASE/WRGSBASE instr.   = 1 (1)
00:00:02.533013   TSCADJUST - Supports MSR_IA32_TSC_ADJUST                = 0 (0)
00:00:02.533014   SGX - Supports Software Guard Extensions                = 0 (0)
00:00:02.533015   BMI1 - Advanced Bit Manipulation extension 1            = 0 (1)
00:00:02.533016   HLE - Hardware Lock Elision                             = 0 (0)
00:00:02.533016   AVX2 - Advanced Vector Extensions 2                     = 1 (1)
00:00:02.533017   FDP_EXCPTN_ONLY - FPU DP only updated on exceptions     = 0 (0)
00:00:02.533018   SMEP - Supervisor Mode Execution Prevention             = 0 (1)
00:00:02.533019   BMI2 - Advanced Bit Manipulation extension 2            = 0 (1)
00:00:02.533020   ERMS - Enhanced REP MOVSB/STOSB instructions            = 0 (0)
00:00:02.533020   INVPCID - INVPCID instruction                           = 0 (0)
00:00:02.533021   RTM - Restricted Transactional Memory                   = 0 (0)
00:00:02.533022   PQM - Platform Quality of Service Monitoring            = 0 (0)
00:00:02.533023   DEPFPU_CS_DS - Deprecates FPU CS, FPU DS values if set  = 0 (0)
00:00:02.533024   MPE - Intel Memory Protection Extensions                = 0 (0)
00:00:02.533024   PQE - Platform Quality of Service Enforcement           = 0 (0)
00:00:02.533025   AVX512F - AVX512 Foundation instructions                = 0 (0)
00:00:02.533026   RDSEED - RDSEED instruction                             = 1 (1)
00:00:02.533027   ADX - ADCX/ADOX instructions                            = 0 (1)
00:00:02.533028   SMAP - Supervisor Mode Access Prevention                = 0 (1)
00:00:02.533029   CLFLUSHOPT - CLFLUSHOPT (Cache Line Flush) instruction  = 1 (1)
00:00:02.533029   INTEL_PT - Intel Processor Trace                        = 0 (0)
00:00:02.533030   AVX512PF - AVX512 Prefetch instructions                 = 0 (0)
00:00:02.533031   AVX512ER - AVX512 Exponential & Reciprocal instructions = 0 (0)
00:00:02.533032   AVX512CD - AVX512 Conflict Detection instructions       = 0 (0)
00:00:02.533033   SHA - Secure Hash Algorithm extensions                  = 0 (1)
00:00:02.533034   PREFETCHWT1 - PREFETCHWT1 instruction                   = 0 (0)
00:00:02.533034   UMIP - User mode insturction prevention                 = 0 (0)
00:00:02.533035   PKU - Protection Key for Usermode pages                 = 0 (0)
00:00:02.533037   OSPKE - CR4.PKU mirror                                  = 0 (0)
00:00:02.533039   MAWAU - Value used by BNDLDX & BNDSTX                   = 0x0 (0x0)
00:00:02.533040   RDPID - Read processor ID support                       = 0 (0)
00:00:02.533040   SGX_LC - Supports SGX Launch Configuration              = 0 (0)
00:00:02.533042 Processor Extended State Enumeration (leaf 0xd):
00:00:02.533042    XSAVE area cur/max size by XCR0, guest: 0x340/0x340
00:00:02.533043     XSAVE area cur/max size by XCR0, host: 0x340/0x340
00:00:02.533044                    Valid XCR0 bits, guest: 0x00000000`00000007 ( x87 SSE YMM_Hi128 )
00:00:02.533046                     Valid XCR0 bits, host: 0x00000000`00000007 ( x87 SSE YMM_Hi128 )
00:00:02.533047                     XSAVE features, guest:
00:00:02.533048                      XSAVE features, host: XSAVEOPT XSAVEC XGETBC1 XSAVES
00:00:02.533050       XSAVE area cur size XCR0|XSS, guest: 0x340
00:00:02.533050        XSAVE area cur size XCR0|XSS, host: 0x340
00:00:02.533051                Valid IA32_XSS bits, guest: 0x00000000`00000000
00:00:02.533052                 Valid IA32_XSS bits, host: 0x00000000`00000000
00:00:02.533052   State #2, guest: off=0x0240, cb=0x0100 IA32_XSS-bit -- YMM_Hi128
00:00:02.533054   State #2, host:  off=0x0240, cb=0x0100 IA32_XSS-bit -- YMM_Hi128
00:00:02.533059          Raw Extended CPUID Leaves
00:00:02.533060      Leaf/sub-leaf  eax      ebx      ecx      edx
00:00:02.533060 Gst: 80000000/0000  8000001e 68747541 444d4163 69746e65
00:00:02.533061 Hst:                8000001f 68747541 444d4163 69746e65
00:00:02.533063 Gst: 80000001/0000  00810f10 20000000 000001f1 2bd3fb7f
00:00:02.533064 Hst:                00810f10 20000000 35c233ff 2fd3fbff
00:00:02.533065 Gst: 80000002/0000  20444d41 657a7952 2033206e 30303232
00:00:02.533066 Hst:                20444d41 657a7952 2033206e 30303232
00:00:02.533066 Gst: 80000003/0000  69772047 52206874 6f656461 6556206e
00:00:02.533067 Hst:                69772047 52206874 6f656461 6556206e
00:00:02.533068 Gst: 80000004/0000  47206167 68706172 20736369 00202020
00:00:02.533069 Hst:                47206167 68706172 20736369 00202020
00:00:02.533070 Gst: 80000005/0000  ff40ff40 ff40ff40 20080140 40040140
00:00:02.533071 Hst:                ff40ff40 ff40ff40 20080140 40040140
00:00:02.533072 Gst: 80000006/0000  26006400 66006400 02006140 00208140
00:00:02.533073 Hst:                26006400 66006400 02006140 00208140
00:00:02.533074 Gst: 80000007/0000  00000000 00000000 00000000 00000100
00:00:02.533075 Hst:                00000000 0000001b 00000000 00006599
00:00:02.533075 Gst: 80000008/0000  00003030 00000000 00000000 00000000
00:00:02.533076 Hst:                00003030 00001007 00004003 00000000
00:00:02.533077 Gst: 80000009/0000  00000000 00000000 00000000 00000000
00:00:02.533078 Hst:                00000000 00000000 00000000 00000000
00:00:02.533078 Gst: 8000000a/0000  00000001 00008000 00000000 0001bcff
00:00:02.533079 Hst:                00000001 00008000 00000000 0001bcff
00:00:02.533080 Gst: 8000000b/0000  00000000 00000000 00000000 00000000
00:00:02.533080 Hst:                00000000 00000000 00000000 00000000
00:00:02.533081 Gst: 8000000c/0000  00000000 00000000 00000000 00000000
00:00:02.533082 Hst:                00000000 00000000 00000000 00000000
00:00:02.533082 Gst: 8000000d/0000  00000000 00000000 00000000 00000000
00:00:02.533083 Hst:                00000000 00000000 00000000 00000000
00:00:02.533084 Gst: 8000000e/0000  00000000 00000000 00000000 00000000
00:00:02.533084 Hst:                00000000 00000000 00000000 00000000
00:00:02.533085 Gst: 8000000f/0000  00000000 00000000 00000000 00000000
00:00:02.533085 Hst:                00000000 00000000 00000000 00000000
00:00:02.533086 Gst: 80000010/0000  00000000 00000000 00000000 00000000
00:00:02.533087 Hst:                00000000 00000000 00000000 00000000
00:00:02.533087 Gst: 80000011/0000  00000000 00000000 00000000 00000000
00:00:02.533088 Hst:                00000000 00000000 00000000 00000000
00:00:02.533089 Gst: 80000012/0000  00000000 00000000 00000000 00000000
00:00:02.533089 Hst:                00000000 00000000 00000000 00000000
00:00:02.533090 Gst: 80000013/0000  00000000 00000000 00000000 00000000
00:00:02.533091 Hst:                00000000 00000000 00000000 00000000
00:00:02.533091 Gst: 80000014/0000  00000000 00000000 00000000 00000000
00:00:02.533092 Hst:                00000000 00000000 00000000 00000000
00:00:02.533093 Gst: 80000015/0000  00000000 00000000 00000000 00000000
00:00:02.533093 Hst:                00000000 00000000 00000000 00000000
00:00:02.533094 Gst: 80000016/0000  00000000 00000000 00000000 00000000
00:00:02.533095 Hst:                00000000 00000000 00000000 00000000
00:00:02.533095 Gst: 80000017/0000  00000000 00000000 00000000 00000000
00:00:02.533096 Hst:                00000000 00000000 00000000 00000000
00:00:02.533096 Gst: 80000018/0000  00000000 00000000 00000000 00000000
00:00:02.533097 Hst:                00000000 00000000 00000000 00000000
00:00:02.533098 Gst: 80000019/0000  f040f040 00000000 00000000 00000000
00:00:02.533099 Hst:                f040f040 00000000 00000000 00000000
00:00:02.533099 Gst: 8000001a/0000  00000003 00000000 00000000 00000000
00:00:02.533100 Hst:                00000003 00000000 00000000 00000000
00:00:02.533100 Gst: 8000001b/0000  00000000 00000000 00000000 00000000
00:00:02.533101 Hst:                000003ff 00000000 00000000 00000000
00:00:02.533102 Gst: 8000001c/0000  00000000 00000000 00000000 00000000
00:00:02.533102 Hst:                00000000 00000000 00000000 00000000
00:00:02.533103 Gst: 8000001d/0000  00000121 01c0003f 0000003f 00000000
00:00:02.533104 Hst:                00000121 01c0003f 0000003f 00000000
00:00:02.533105 Gst: 8000001d/0001  00000122 00c0003f 000000ff 00000000
00:00:02.533105 Hst:                00000122 00c0003f 000000ff 00000000
00:00:02.533106 Gst: 8000001d/0002  00000143 01c0003f 000003ff 00000002
00:00:02.533107 Hst:                00000143 01c0003f 000003ff 00000002
00:00:02.533108 Gst: 8000001d/0003  00000163 03c0003f 00000fff 00000001
00:00:02.533109 Hst:                0000c163 03c0003f 00000fff 00000001
00:00:02.533109 Gst: 8000001d/0004  00000000 00000000 00000000 00000000
00:00:02.533110 Hst:                00000000 00000000 00000000 00000000
00:00:02.533111 Gst: 8000001e/0000  00000000 00000000 00000000 00000000
00:00:02.533111 Hst:                00000002 00000002 00000000 00000000
00:00:02.533112 Hst: 8000001f/0000  0000000f 0000016f 0000000f 00000000
00:00:02.533113 Ext Name:                        AuthenticAMD
00:00:02.533114 Ext Supports:                    0x80000000-0x8000001e
00:00:02.533114 Family:                          15  	Extended: 8 	Effective: 23
00:00:02.533115 Model:                           1  	Extended: 1 	Effective: 17
00:00:02.533116 Stepping:                        0
00:00:02.533116 Brand ID:                        0x000
00:00:02.533117 Ext Features
00:00:02.533117   Mnemonic - Description                                  = guest (host)
00:00:02.533118   FPU - x87 FPU on Chip                                   = 1 (1)
00:00:02.533119   VME - Virtual 8086 Mode Enhancements                    = 1 (1)
00:00:02.533120   DE - Debugging extensions                               = 1 (1)
00:00:02.533121   PSE - Page Size Extension                               = 1 (1)
00:00:02.533122   TSC - Time Stamp Counter                                = 1 (1)
00:00:02.533123   MSR - K86 Model Specific Registers                      = 1 (1)
00:00:02.533124   PAE - Physical Address Extension                        = 1 (1)
00:00:02.533125   MCE - Machine Check Exception                           = 0 (1)
00:00:02.533126   CX8 - CMPXCHG8B instruction                             = 1 (1)
00:00:02.533127   APIC - APIC On-Chip                                     = 1 (1)
00:00:02.533128   SEP - SYSCALL/SYSRET                                    = 1 (1)
00:00:02.533129   MTRR - Memory Type Range Registers                      = 1 (1)
00:00:02.533130   PGE - PTE Global Bit                                    = 1 (1)
00:00:02.533131   MCA - Machine Check Architecture                        = 1 (1)
00:00:02.533131   CMOV - Conditional Move instructions                    = 1 (1)
00:00:02.533132   PAT - Page Attribute Table                              = 1 (1)
00:00:02.533133   PSE-36 - 36-bit Page Size Extension                     = 1 (1)
00:00:02.533134   NX - No-Execute/Execute-Disable                         = 1 (1)
00:00:02.533135   AXMMX - AMD Extensions to MMX instructions              = 1 (1)
00:00:02.533136   MMX - Intel MMX Technology                              = 1 (1)
00:00:02.533137   FXSR - FXSAVE and FXRSTOR Instructions                  = 1 (1)
00:00:02.533138   FFXSR - AMD fast FXSAVE and FXRSTOR instructions        = 1 (1)
00:00:02.533138   Page1GB - 1 GB large page                               = 0 (1)
00:00:02.533139   RDTSCP - RDTSCP instruction                             = 1 (1)
00:00:02.533140   LM - AMD64 Long Mode                                    = 1 (1)
00:00:02.533141   3DNOWEXT - AMD Extensions to 3DNow                      = 0 (0)
00:00:02.533142   3DNOW - AMD 3DNow                                       = 0 (0)
00:00:02.533143   LahfSahf - LAHF/SAHF support in 64-bit mode             = 1 (1)
00:00:02.533144   CmpLegacy - Core multi-processing legacy mode           = 0 (1)
00:00:02.533145   SVM - AMD Secure Virtual Machine extensions             = 0 (1)
00:00:02.533146   EXTAPIC - AMD Extended APIC registers                   = 0 (1)
00:00:02.533147   CR8L - AMD LOCK MOV CR0 means MOV CR8                   = 1 (1)
00:00:02.533147   ABM - AMD Advanced Bit Manipulation                     = 1 (1)
00:00:02.533148   SSE4A - SSE4A instructions                              = 1 (1)
00:00:02.533149   MISALIGNSSE - AMD Misaligned SSE mode                   = 1 (1)
00:00:02.533150   3DNOWPRF - AMD PREFETCH and PREFETCHW instructions      = 1 (1)
00:00:02.533151   OSVW - AMD OS Visible Workaround                        = 0 (1)
00:00:02.533152   IBS - Instruct Based Sampling                           = 0 (0)
00:00:02.533153   XOP - Extended Operation support                        = 0 (0)
00:00:02.533154   SKINIT - SKINIT, STGI, and DEV support                  = 0 (1)
00:00:02.533155   WDT - AMD Watchdog Timer support                        = 0 (1)
00:00:02.533155   LWP - Lightweight Profiling support                     = 0 (0)
00:00:02.533156   FMA4 - Four operand FMA instruction support             = 0 (0)
00:00:02.533157   17 - Reserved                                           = 0 (1)
00:00:02.533158   NodeId - NodeId in MSR C001_100C                        = 0 (0)
00:00:02.533159   TBM - Trailing Bit Manipulation instructions            = 0 (0)
00:00:02.533160   TOPOEXT - Topology Extensions                           = 0 (1)
00:00:02.533161   PRFEXTCORE - Performance Counter Extensions support     = 0 (1)
00:00:02.533162   PRFEXTNB - NB Performance Counter Extensions support    = 0 (1)
00:00:02.533162   DATABPEXT - Data-access Breakpoint Extension            = 0 (1)
00:00:02.533163   PERFTSC - Performance Time Stamp Counter                = 0 (0)
00:00:02.533164   28 - Reserved                                           = 0 (1)
00:00:02.533165   29 - Reserved                                           = 0 (1)
00:00:02.533166 SVM Feature Identification (leaf A):
00:00:02.533167   NP - Nested Paging                                      = 1 (1)
00:00:02.533168   LbrVirt - Last Branch Record Virtualization             = 1 (1)
00:00:02.533169   SVML - SVM Lock                                         = 1 (1)
00:00:02.533170   NRIPS - NextRIP Save                                    = 1 (1)
00:00:02.533171   TscRateMsr - MSR based TSC rate control                 = 1 (1)
00:00:02.533172   VmcbClean - VMCB clean bits                             = 1 (1)
00:00:02.533173   FlushByASID - Flush by ASID                             = 1 (1)
00:00:02.533174   DecodeAssists - Decode Assists                          = 1 (1)
00:00:02.533174   PauseFilter - Pause intercept filter                    = 1 (1)
00:00:02.533175   11 - Reserved                                           = 1 (1)
00:00:02.533176   PauseFilterThreshold - Pause filter threshold           = 1 (1)
00:00:02.533177   AVIC - Advanced Virtual Interrupt Controller            = 1 (1)
00:00:02.533178   VMSAVEVirt - VMSAVE and VMLOAD Virtualization           = 1 (1)
00:00:02.533179   VGIF - Virtual Global-Interrupt Flag                    = 1 (1)
00:00:02.533180 Full Name:                       "AMD Ryzen 3 2200G with Radeon Vega Graphics    "
00:00:02.533181 TLB 2/4M Instr/Uni:              fully  64 entries
00:00:02.533181 TLB 2/4M Data:                   fully  64 entries
00:00:02.533182 TLB 4K Instr/Uni:                fully  64 entries
00:00:02.533183 TLB 4K Data:                     fully  64 entries
00:00:02.533183 L1 Instr Cache Line Size:        64 bytes
00:00:02.533184 L1 Instr Cache Lines Per Tag:    1
00:00:02.533184 L1 Instr Cache Associativity:    4 way
00:00:02.533185 L1 Instr Cache Size:             64 KB
00:00:02.533185 L1 Data Cache Line Size:         64 bytes
00:00:02.533186 L1 Data Cache Lines Per Tag:     1
00:00:02.533186 L1 Data Cache Associativity:     8 way
00:00:02.533186 L1 Data Cache Size:              32 KB
00:00:02.533187 L2 TLB 2/4M Instr/Uni:           8 way  1024 entries
00:00:02.533187 L2 TLB 2/4M Data:                2 way  1536 entries
00:00:02.533188 L2 TLB 4K Instr/Uni:             8 way  1024 entries
00:00:02.533189 L2 TLB 4K Data:                  8 way  1536 entries
00:00:02.533189 L2 Cache Line Size:              64 bytes
00:00:02.533190 L2 Cache Lines Per Tag:          1
00:00:02.533190 L2 Cache Associativity:          16 way
00:00:02.533190 L2 Cache Size:                   32 KB
00:00:02.533191   TS - Temperature Sensor                                 = 0 (1)
00:00:02.533192   FID - Frequency ID control                              = 0 (0)
00:00:02.533193   VID - Voltage ID control                                = 0 (0)
00:00:02.533194   TTP - Thermal Trip                                      = 0 (1)
00:00:02.533195   TM - Hardware Thermal Control (HTC)                     = 0 (1)
00:00:02.533196   100MHzSteps - 100 MHz Multiplier control                = 0 (0)
00:00:02.533197   HwPstate - Hardware P-state control                     = 0 (1)
00:00:02.533198   TscInvariant - Invariant Time Stamp Counter             = 1 (1)
00:00:02.533198   CBP - Core Performance Boost                            = 0 (0)
00:00:02.533199   EffFreqRO - Read-only Effective Frequency Interface     = 0 (1)
00:00:02.533200   ProcFdbkIf - Processor Feedback Interface               = 0 (0)
00:00:02.533201   ProcPwrRep - Core power reporting interface support     = 0 (0)
00:00:02.533202   13 - Reserved                                           = 0 (1)
00:00:02.533203   14 - Reserved                                           = 0 (1)
00:00:02.533204   CLZERO - Clear zero instruction (cacheline)             = 0 (1)
00:00:02.533205   IRPerf - Instructions retired count support             = 0 (1)
00:00:02.533206   XSaveErPtr - Save/restore error pointers (FXSAVE/RSTOR*) = 0 (1)
00:00:02.533206   IBPB - Supports the IBPB command in IA32_PRED_CMD       = 0 (1)
00:00:02.533207 Physical Address Width:          48 bits
00:00:02.533208 Virtual Address Width:           48 bits
00:00:02.533208 Guest Physical Address Width:    0 bits
00:00:02.533208 Physical Core Count:             1
00:00:02.533209 
00:00:02.533209 ******************** End of CPUID dump **********************
00:00:02.533247 PcBios: ATA LUN#0 LCHS=103/16/63
00:00:02.533339 APIC: fPostedIntrsEnabled=false fVirtApicRegsEnabled=false fSupportsTscDeadline=false
00:00:02.533349 TMR3UtcNow: nsNow=1 573 050 267 603 524 000 nsPrev=0 -> cNsDelta=1 573 050 267 603 524 000 (offLag=0 offVirtualSync=0 offVirtualSyncGivenUp=0, NowAgain=1 573 050 267 603 524 000)
00:00:02.533367 VMEmt: Halt method global1 (5)
00:00:02.533379 VMEmt: HaltedGlobal1 config: cNsSpinBlockThresholdCfg=50000
00:00:02.533386 Changing the VM state from 'CREATING' to 'CREATED'
00:00:02.534040 Changing the VM state from 'CREATED' to 'POWERING_ON'
00:00:02.534115 Changing the VM state from 'POWERING_ON' to 'RUNNING'
00:00:02.534125 Console: Machine state changed to 'Running'
00:00:02.532856 HM: fUsePauseFilter=false fUseLbrVirt=true  fUseVGif=true  fUseVirtVmsaveVmload=true 
00:00:02.535946 VMMDev: Guest Log: BIOS: VirtualBox 6.0.10
00:00:02.536725 PCI: Setting up resources and interrupts
00:00:02.537063 PIT: mode=2 count=0x10000 (65536) - 18.20 Hz (ch=0)
00:00:02.545182 ERROR [COM]: aRC=VBOX_E_VM_ERROR (0x80bb0003) aIID={ab4164db-c13e-4dab-842d-61ee3f0c1e87} aComponent={DisplayWrap} aText={Could not take a screenshot (VERR_NOT_SUPPORTED)}, preserve=false aResultDetail=-37
00:00:02.548835 VMMDev: Guest Log: CPUID EDX: 0x178bfbff
00:00:02.548928 PIIX3 ATA: Ctl#0: RESET, DevSel=0 AIOIf=0 CmdIf0=0x00 (-1 usec ago) CmdIf1=0x00 (-1 usec ago)
00:00:02.548959 PIIX3 ATA: Ctl#0: finished processing RESET
00:00:02.549267 VMMDev: Guest Log: BIOS: ata0-0: PCHS=103/16/63 LCHS=103/16/63
00:00:02.549642 PIIX3 ATA: Ctl#0: RESET, DevSel=1 AIOIf=0 CmdIf0=0xec (-1 usec ago) CmdIf1=0x00 (-1 usec ago)
00:00:02.549666 PIIX3 ATA: Ctl#0: finished processing RESET
00:00:02.551994 PIT: mode=2 count=0x48d3 (18643) - 64.00 Hz (ch=0)
00:00:02.553279 ERROR [COM]: aRC=VBOX_E_VM_ERROR (0x80bb0003) aIID={ab4164db-c13e-4dab-842d-61ee3f0c1e87} aComponent={DisplayWrap} aText={Could not take a screenshot (VERR_NOT_SUPPORTED)}, preserve=false aResultDetail=-37
00:00:02.559399 Display::i_handleDisplayResize: uScreenId=0 pvVRAM=000000000af30000 w=640 h=480 bpp=32 cbLine=0xA00 flags=0x0 origin=0,0
00:00:03.034414 GUI: UIMachineViewNormal::resendSizeHint: Restoring guest size-hint for screen 0 to 720x400
00:00:03.034492 VMMDev: SetVideoModeHint: Got a video mode hint (720x400x32)@(0x0),(1;0) at 0
00:00:03.038954 GUI: 2D video acceleration is disabled
00:00:03.038982 GUI: HID LEDs sync is enabled
00:00:03.045229 GUI: UIMachineLogicNormal::sltCheckForRequestedVisualStateType: Requested-state=0, Machine-state=5
00:00:05.029604 PIT: mode=2 count=0x10000 (65536) - 18.20 Hz (ch=0)
00:00:05.029824 VMMDev: Guest Log: BIOS: Boot : bseqnr=1, bootseq=0002
00:00:05.030077 VMMDev: Guest Log: BIOS: Booting from Hard Disk...
00:00:05.030124 PIIX3 ATA: Ctl#0: RESET, DevSel=0 AIOIf=0 CmdIf0=0xc4 (-1 usec ago) CmdIf1=0x00 (-1 usec ago)
00:00:05.030147 PIIX3 ATA: Ctl#0: finished processing RESET
00:00:05.035349 Display::i_handleDisplayResize: uScreenId=0 pvVRAM=0000000000000000 w=720 h=400 bpp=0 cbLine=0x0 flags=0x0 origin=0,0
00:00:33.078112 GUI: UIMachineViewScale::resendSizeHint: Restoring guest size-hint for screen 0 to 720x400
00:00:33.078142 VMMDev: SetVideoModeHint: Got a video mode hint (720x400x0)@(0x0),(1;0) at 0
00:00:33.241742 GUI: UIMediumEnumerator: Medium-enumeration finished!
00:06:57.450648 VMMDev: Guest Log: BIOS: KBD: int09h_handler(): unknown scancode read: 0x5b!
00:58:00.294966 Changing the VM state from 'RUNNING' to 'SUSPENDING'
00:58:00.302713 PDMR3Suspend: 7 640 941 ns run time
00:58:00.302726 Changing the VM state from 'SUSPENDING' to 'SUSPENDED'
00:58:00.302740 Console: Machine state changed to 'Paused'
00:58:01.401761 GUI: Request for close-action to power VM off.
00:58:01.401786 GUI: Passing request to power VM off from machine-logic to UI session.
00:58:01.401793 GUI: Powering VM down on UI session power off request...
00:58:01.402207 Console: Machine state changed to 'Stopping'
00:58:01.402720 Console::powerDown(): A request to power off the VM has been issued (mMachineState=Stopping, InUninit=0)
00:58:01.402970 Changing the VM state from 'SUSPENDED' to 'POWERING_OFF'
00:58:01.402985 ****************** Guest state at power off for VCpu 0 ******************
00:58:01.402993 Guest CPUM (VCPU 0) state: 
00:58:01.402998 eax=00000100 ebx=00000005 ecx=000000f9 edx=0000007f esi=0000010d edi=000001fb
00:58:01.402999 eip=000010da esp=00000a8a ebp=00000000 iopl=3      nt nv up di pl nz na po nc
00:58:01.403001 cs={0116 base=0000000000001160 limit=0000ffff flags=0000009b} dr0=00000000 dr1=00000000
00:58:01.403004 ds={0116 base=0000000000001160 limit=0000ffff flags=00000093} dr2=00000000 dr3=00000000
00:58:01.403006 es={0116 base=0000000000001160 limit=0000ffff flags=00000093} dr4=00000000 dr5=00000000
00:58:01.403007 fs={0000 base=0000000000000000 limit=0000ffff flags=00000093} dr6=ffff4ff0 dr7=00000400
00:58:01.403008 gs={0000 base=0000000000000000 limit=0000ffff flags=00000093} cr0=00000010 cr2=00000000
00:58:01.403010 ss={0116 base=0000000000001160 limit=0000ffff flags=00000093} cr3=00000000 cr4=00000000
00:58:01.403011 gdtr=000000000008f466:002f  idtr=0000000000000000:03ff  eflags=00207046
00:58:01.403012 ldtr={0000 base=00000000 limit=0000ffff flags=00000082}
00:58:01.403013 tr  ={0000 base=00000000 limit=0000ffff flags=0000008b}
00:58:01.403014 SysEnter={cs=0000 eip=00000000 esp=00000000}
00:58:01.403015 xcr=0000000000000001 xcr1=0000000000000000 xss=0000000000000000 (fXStateMask=0000000000000000)
00:58:01.403017 FCW=037f FSW=0000 FTW=0000 FOP=0000 MXCSR=00001f80 MXCSR_MASK=0002ffff
00:58:01.403018 FPUIP=00000000 CS=0000 Rsrvd1=0000  FPUDP=00000000 DS=0000 Rsvrd2=0000
00:58:01.403019 ST(0)=FPR0={0000'00000000'00000000} t0 +0.0000000000000000000000 * 2 ^ -16383 (*)
00:58:01.403022 ST(1)=FPR1={0000'00000000'00000000} t0 +0.0000000000000000000000 * 2 ^ -16383 (*)
00:58:01.403024 ST(2)=FPR2={0000'00000000'00000000} t0 +0.0000000000000000000000 * 2 ^ -16383 (*)
00:58:01.403026 ST(3)=FPR3={0000'00000000'00000000} t0 +0.0000000000000000000000 * 2 ^ -16383 (*)
00:58:01.403027 ST(4)=FPR4={0000'00000000'00000000} t0 +0.0000000000000000000000 * 2 ^ -16383 (*)
00:58:01.403029 ST(5)=FPR5={0000'00000000'00000000} t0 +0.0000000000000000000000 * 2 ^ -16383 (*)
00:58:01.403030 ST(6)=FPR6={0000'00000000'00000000} t0 +0.0000000000000000000000 * 2 ^ -16383 (*)
00:58:01.403032 ST(7)=FPR7={0000'00000000'00000000} t0 +0.0000000000000000000000 * 2 ^ -16383 (*)
00:58:01.403033 XMM0 =00000000'00000000'00000000'00000000  XMM1 =00000000'00000000'00000000'00000000
00:58:01.403035 XMM2 =00000000'00000000'00000000'00000000  XMM3 =00000000'00000000'00000000'00000000
00:58:01.403037 XMM4 =00000000'00000000'00000000'00000000  XMM5 =00000000'00000000'00000000'00000000
00:58:01.403038 XMM6 =00000000'00000000'00000000'00000000  XMM7 =00000000'00000000'00000000'00000000
00:58:01.403040 XMM8 =00000000'00000000'00000000'00000000  XMM9 =00000000'00000000'00000000'00000000
00:58:01.403041 XMM10=00000000'00000000'00000000'00000000  XMM11=00000000'00000000'00000000'00000000
00:58:01.403043 XMM12=00000000'00000000'00000000'00000000  XMM13=00000000'00000000'00000000'00000000
00:58:01.403045 XMM14=00000000'00000000'00000000'00000000  XMM15=00000000'00000000'00000000'00000000
00:58:01.403046 EFER         =0000000000000000
00:58:01.403047 PAT          =0007040600070406
00:58:01.403048 STAR         =0000000000000000
00:58:01.403048 CSTAR        =0000000000000000
00:58:01.403048 LSTAR        =0000000000000000
00:58:01.403049 SFMASK       =0000000000000000
00:58:01.403049 KERNELGSBASE =0000000000000000
00:58:01.403051 ***
00:58:01.403055 VCPU[0] hardware virtualization state:
00:58:01.403056 fLocalForcedActions          = 0x0
00:58:01.403057 No/inactive hwvirt state
00:58:01.403058 ***
00:58:01.403062 Guest paging mode (VCPU #0):  Real (changed 8 times), A20 disabled (changed 3 times)
00:58:01.403067 Shadow paging mode (VCPU #0): Nested-AMD64
00:58:01.403067 Host paging mode:             AMD64+G+NX
00:58:01.403068 ***
00:58:01.403070 Active Timers (pVM=0000000008880000)
00:58:01.403071 pTimerR3         offNext  offPrev  offSched Clock               Time             Expire HzHint State                     Description
00:58:01.403074 0000000008be3c30 fffe26f0 00000000 00000000 Real            32004434           32003321      0 2-ACTIVE                  EMT Yielder
00:58:01.403078 0000000008bc6320 0001d890 0001d910 00000000 Real            32004434           32003329      0 2-ACTIVE                  VGA Refresh Timer
00:58:01.403081 0000000008be3bb0 00000000 fffe2770 00000000 Real            32004434           32003609      0 2-ACTIVE                  CPU Load Timer
00:58:01.403084 0000000008bc1430 000005e0 00000000 00000000 VrSy       3477759791825      3477790299996     18 2-ACTIVE                  i8254 Programmable Interval Timer
00:58:01.403086 0000000008bc1a10 00022000 fffffa20 00000000 VrSy       3477759791825      3477990000000      0 2-ACTIVE                  MC146818 RTC/CMOS - Second
00:58:01.403089 0000000008be3a10 00000000 fffde000 00000000 VrSy       3477759791825      3599592095646      0 2-ACTIVE                  ACPI PM Timer
00:58:01.403092 ***
00:58:01.403095 ************** End of Guest state at power off ***************
00:58:01.403169 PDMR3PowerOff: 62 451 ns run time
00:58:01.403180 Changing the VM state from 'POWERING_OFF' to 'OFF'
00:58:01.405042 Changing the VM state from 'OFF' to 'DESTROYING'
00:58:01.405082 ************************* Statistics *************************
00:58:01.405097 /CPUM/MSR-Totals/Reads                  0 times
00:58:01.405105 /CPUM/MSR-Totals/ReadsRaisingGP         0 times
00:58:01.405112 /CPUM/MSR-Totals/ReadsUnknown           0 times
00:58:01.405119 /CPUM/MSR-Totals/Writes                 0 times
00:58:01.405126 /CPUM/MSR-Totals/WritesRaisingGP        0 times
00:58:01.405133 /CPUM/MSR-Totals/WritesToIgnoredBits        0 times
00:58:01.405140 /CPUM/MSR-Totals/WritesUnknown          0 times
00:58:01.405147 /Devices/IDE0/ATA0/Unit0/AtapiDMA        0 times
00:58:01.405153 /Devices/IDE0/ATA0/Unit0/AtapiPIO        0 times
00:58:01.405160 /Devices/IDE0/ATA0/Unit0/DMA            0 times
00:58:01.405167 /Devices/IDE0/ATA0/Unit0/PIO          245 times
00:58:01.405173 /Devices/IDE0/ATA0/Unit0/ReadBytes   435712 bytes
00:58:01.405180 /Devices/IDE0/ATA0/Unit0/StatusYields     1346 ticks/call (      323229 ticks,     240 times, max     45108, min     665)
00:58:01.405189 /Devices/IDE0/ATA0/Unit0/WrittenBytes        0 bytes
00:58:01.405196 /Devices/IDE0/ATA0/Unit1/AtapiDMA        0 times
00:58:01.405203 /Devices/IDE0/ATA0/Unit1/AtapiPIO        0 times
00:58:01.405209 /Devices/IDE0/ATA0/Unit1/DMA            0 times
00:58:01.405216 /Devices/IDE0/ATA0/Unit1/PIO            0 times
00:58:01.405222 /Devices/IDE0/ATA0/Unit1/ReadBytes        0 bytes
00:58:01.405229 /Devices/IDE0/ATA0/Unit1/StatusYields        0 ticks/call (           0 ticks,       0 times, max         0, min      -1)
00:58:01.405237 /Devices/IDE0/ATA0/Unit1/WrittenBytes        0 bytes
00:58:01.405244 /Devices/IDE0/ATA1/Unit0/AtapiDMA        0 times
00:58:01.405250 /Devices/IDE0/ATA1/Unit0/AtapiPIO        0 times
00:58:01.405257 /Devices/IDE0/ATA1/Unit0/DMA            0 times
00:58:01.405264 /Devices/IDE0/ATA1/Unit0/PIO            0 times
00:58:01.405270 /Devices/IDE0/ATA1/Unit0/ReadBytes        0 bytes
00:58:01.405277 /Devices/IDE0/ATA1/Unit0/StatusYields        0 ticks/call (           0 ticks,       0 times, max         0, min      -1)
00:58:01.405284 /Devices/IDE0/ATA1/Unit0/WrittenBytes        0 bytes
00:58:01.405291 /Devices/IDE0/ATA1/Unit1/AtapiDMA        0 times
00:58:01.405298 /Devices/IDE0/ATA1/Unit1/AtapiPIO        0 times
00:58:01.405305 /Devices/IDE0/ATA1/Unit1/DMA            0 times
00:58:01.405311 /Devices/IDE0/ATA1/Unit1/PIO            0 times
00:58:01.405318 /Devices/IDE0/ATA1/Unit1/ReadBytes        0 bytes
00:58:01.405325 /Devices/IDE0/ATA1/Unit1/StatusYields        0 ticks/call (           0 ticks,       0 times, max         0, min      -1)
00:58:01.405332 /Devices/IDE0/ATA1/Unit1/WrittenBytes        0 bytes
00:58:01.405345 /Devices/PCnet0/ReceiveBytes            0 bytes
00:58:01.405355 /Devices/PCnet0/TransmitBytes           0 bytes
00:58:01.405362 /Devices/PIIX3IDE0/Port0/QueryBufAttempts        0 count
00:58:01.405368 /Devices/PIIX3IDE0/Port0/QueryBufSuccess        0 count
00:58:01.405375 /Devices/PIIX3IDE0/Port0/ReadBytes   435712 bytes
00:58:01.405382 /Devices/PIIX3IDE0/Port0/ReqsRead      244 count
00:58:01.405389 /Devices/PIIX3IDE0/Port0/ReqsSubmitted      244 count
00:58:01.405395 /Devices/PIIX3IDE0/Port0/ReqsSucceeded      244 count
00:58:01.405402 /Devices/VMMDev/BalloonChunks           0 count
00:58:01.405409 /Devices/VMMDev/FastIrqAckR3            0 count
00:58:01.405416 /Devices/VMMDev/FastIrqAckRZ            0 count
00:58:01.405423 /Devices/VMMDev/LargeReqBufAllocs        0 count
00:58:01.405429 /Devices/VMMDev/SlowIrqAck              0 count
00:58:01.405442 /EM/CPU0/ExitHashing/Used               0 times
00:58:01.405449 /EM/CPU0/ExitOpt/Exec                   0 ticks/call (           0 ticks,       0 times, max         0, min      -1)
00:58:01.405457 /EM/CPU0/ExitOpt/ExecInstructions        0 times
00:58:01.405463 /EM/CPU0/ExitOpt/ExecSavedExit          0 times
00:58:01.405470 /EM/CPU0/ExitOpt/Probe                  0 ticks/call (           0 ticks,       0 times, max         0, min      -1)
00:58:01.405478 /EM/CPU0/ExitOpt/ProbeInstructions        0 times
00:58:01.405485 /EM/CPU0/ExitOpt/ProbedExecWithMax        0 times
00:58:01.405491 /EM/CPU0/ExitOpt/ProbedNormal           0 times
00:58:01.405498 /EM/CPU0/ExitOpt/ProbedToRing3          0 times
00:58:01.405505 /FT/Checkpoint/Network                  0 times
00:58:01.405512 /FT/Checkpoint/Storage                  0 times
00:58:01.405519 /FT/Received/Mem                        0 bytes
00:58:01.405525 /FT/Received/State                      0 bytes
00:58:01.405532 /FT/Sent/Mem                            0 bytes
00:58:01.405539 /FT/Sent/State                          0 bytes
00:58:01.405546 /FT/Sync/DeltaMem                       0 times
00:58:01.405553 /FT/Sync/DeltaVM                        0 times
00:58:01.405560 /FT/Sync/Full                           0 times
00:58:01.405578 /GMM/VM/Allocated/cBasePages          545 pages
00:58:01.405585 /GMM/VM/Allocated/cFixedPages           0 pages
00:58:01.405592 /GMM/VM/Allocated/cShadowPages          0 pages
00:58:01.405599 /GMM/VM/Reserved/cBasePages          8350 pages
00:58:01.405606 /GMM/VM/Reserved/cFixedPages         2308 pages
00:58:01.405613 /GMM/VM/Reserved/cShadowPages           1 pages
00:58:01.405623 /GMM/VM/cBalloonedPages                 0 pages
00:58:01.405630 /GMM/VM/cMaxBalloonedPages              0 pages
00:58:01.405637 /GMM/VM/cPrivatePages                 545 pages
00:58:01.405644 /GMM/VM/cReqActuallyBalloonedPages        0 pages
00:58:01.405650 /GMM/VM/cReqBalloonedPages              0 pages
00:58:01.405658 /GMM/VM/cReqDeflatePages                0 pages
00:58:01.405665 /GMM/VM/cShareableModules               0 count
00:58:01.405672 /GMM/VM/cSharedPages                    0 pages
00:58:01.405679 /GMM/VM/enmPolicy                       1 
00:58:01.405686 /GMM/VM/enmPriority                     2 
00:58:01.405693 /GMM/VM/fBallooningEnabled       false    
00:58:01.405700 /GMM/VM/fMayAllocate             true     
00:58:01.405706 /GMM/VM/fSharedPagingEnabled     false    
00:58:01.405713 /GMM/cAllocatedPages                  545 pages
00:58:01.405720 /GMM/cBalloonedPages                    0 pages
00:58:01.405727 /GMM/cChunks                            2 count
00:58:01.405734 /GMM/cDuplicatePages                    0 pages
00:58:01.405741 /GMM/cFreedChunks                       0 count
00:58:01.405748 /GMM/cLeftBehindSharedPages             0 pages
00:58:01.405755 /GMM/cMaxPages                   4294967295 pages
00:58:01.405762 /GMM/cOverCommittedPages                0 pages
00:58:01.405769 /GMM/cReservedPages                 10659 pages
00:58:01.405776 /GMM/cShareableModules                  0 count
00:58:01.405783 /GMM/cSharedPages                       0 pages
00:58:01.405873 /GVMM/EMTs                              1 calls
00:58:01.405882 /GVMM/HostCPUs                          4 calls
00:58:01.405888 /GVMM/HostCpus/0                        0 
00:58:01.405894 /GVMM/HostCpus/0/CurTimerHz             0 Hz
00:58:01.405900 /GVMM/HostCpus/0/DesiredHz              0 Hz
00:58:01.405906 /GVMM/HostCpus/0/PPTChanges             0 times
00:58:01.405912 /GVMM/HostCpus/0/PPTStarts              0 times
00:58:01.405918 /GVMM/HostCpus/0/idxCpuSet              0 
00:58:01.405924 /GVMM/HostCpus/1                        1 
00:58:01.405930 /GVMM/HostCpus/1/CurTimerHz             0 Hz
00:58:01.405936 /GVMM/HostCpus/1/DesiredHz              0 Hz
00:58:01.405941 /GVMM/HostCpus/1/PPTChanges             0 times
00:58:01.405947 /GVMM/HostCpus/1/PPTStarts              0 times
00:58:01.405953 /GVMM/HostCpus/1/idxCpuSet              1 
00:58:01.405959 /GVMM/HostCpus/2                        2 
00:58:01.405965 /GVMM/HostCpus/2/CurTimerHz             0 Hz
00:58:01.405971 /GVMM/HostCpus/2/DesiredHz              0 Hz
00:58:01.405977 /GVMM/HostCpus/2/PPTChanges             0 times
00:58:01.405983 /GVMM/HostCpus/2/PPTStarts              0 times
00:58:01.405989 /GVMM/HostCpus/2/idxCpuSet              2 
00:58:01.405995 /GVMM/HostCpus/3                        3 
00:58:01.406001 /GVMM/HostCpus/3/CurTimerHz             0 Hz
00:58:01.406007 /GVMM/HostCpus/3/DesiredHz              0 Hz
00:58:01.406013 /GVMM/HostCpus/3/PPTChanges             0 times
00:58:01.406019 /GVMM/HostCpus/3/PPTStarts              0 times
00:58:01.406024 /GVMM/HostCpus/3/idxCpuSet              3 
00:58:01.406030 /GVMM/Sum/HaltBlocking                419 calls
00:58:01.406036 /GVMM/Sum/HaltCalls                  3830 calls
00:58:01.406043 /GVMM/Sum/HaltNotBlocking            3411 calls
00:58:01.406049 /GVMM/Sum/HaltTimeouts                158 calls
00:58:01.406055 /GVMM/Sum/HaltWakeUps                   0 calls
00:58:01.406061 /GVMM/Sum/PokeCalls                181745 calls
00:58:01.406067 /GVMM/Sum/PokeNotBusy                 141 calls
00:58:01.406073 /GVMM/Sum/PollCalls                     1 calls
00:58:01.406079 /GVMM/Sum/PollHalts                     0 calls
00:58:01.406085 /GVMM/Sum/PollWakeUps                   0 calls
00:58:01.406091 /GVMM/Sum/WakeUpCalls                 265 calls
00:58:01.406097 /GVMM/Sum/WakeUpNotHalted             155 calls
00:58:01.406103 /GVMM/Sum/WakeUpWakeUps                 0 calls
00:58:01.406109 /GVMM/VM/HaltBlocking                 419 calls
00:58:01.406115 /GVMM/VM/HaltCalls                   3830 calls
00:58:01.406121 /GVMM/VM/HaltNotBlocking             3411 calls
00:58:01.406127 /GVMM/VM/HaltTimeouts                 158 calls
00:58:01.406133 /GVMM/VM/HaltWakeUps                    0 calls
00:58:01.406139 /GVMM/VM/PokeCalls                 181745 calls
00:58:01.406145 /GVMM/VM/PokeNotBusy                  141 calls
00:58:01.406151 /GVMM/VM/PollCalls                      1 calls
00:58:01.406157 /GVMM/VM/PollHalts                      0 calls
00:58:01.406163 /GVMM/VM/PollWakeUps                    0 calls
00:58:01.406170 /GVMM/VM/WakeUpCalls                  265 calls
00:58:01.406175 /GVMM/VM/WakeUpNotHalted              155 calls
00:58:01.406181 /GVMM/VM/WakeUpWakeUps                  0 calls
00:58:01.406187 /GVMM/VMs                               1 calls
00:58:01.406194 /HGCM/FailedPageListLocking             0 count
00:58:01.406199 /HGCM/LargeCmdAllocs                    0 count
00:58:01.406206 /HGCM/MsgArrival                        0 ticks/call (           0 ticks,       0 times, max         0, min      -1)
00:58:01.406213 /HGCM/MsgCompletion                     0 ticks/call (           0 ticks,       0 times, max         0, min      -1)
00:58:01.406219 /HGCM/MsgTotal                          0 ticks/call (           0 ticks,       0 times, max         0, min      -1)
00:58:01.406226 /HM/CPU0/Exit/HostNmiInGC               0 times
00:58:01.406232 /HM/CPU0/Switch/Preempting              0 times
00:58:01.406241 /IEM/CPU0/CodeTlb-Misses                0 count
00:58:01.406248 /IEM/CPU0/CodeTlb-PhysRev        ffffffffffff9c00 
00:58:01.406255 /IEM/CPU0/CodeTlb-Revision       fffff38000000000 
00:58:01.406262 /IEM/CPU0/CodeTlb-SlowReads             0 
00:58:01.406268 /IEM/CPU0/DataTlb-Misses                0 count
00:58:01.406274 /IEM/CPU0/DataTlb-PhysRev        ffffffffffff9c00 
00:58:01.406281 /IEM/CPU0/DataTlb-Revision       fffff38000000000 
00:58:01.406287 /IEM/CPU0/cInstructions             42816 count
00:58:01.406294 /IEM/CPU0/cLongJumps                    0 bytes
00:58:01.406299 /IEM/CPU0/cPendingCommit                0 bytes
00:58:01.406305 /IEM/CPU0/cPotentialExits         2437536 count
00:58:01.406312 /IEM/CPU0/cRetAspectNotImplemented        0 count
00:58:01.406318 /IEM/CPU0/cRetErrStatuses               0 count
00:58:01.406324 /IEM/CPU0/cRetInfStatuses             158 count
00:58:01.406330 /IEM/CPU0/cRetInstrNotImplemented        0 count
00:58:01.406336 /IEM/CPU0/cbWritten               2539488 bytes
00:58:01.406342 /MM/HyperHeap/cbFree               870960 bytes
00:58:01.406348 /MM/HyperHeap/cbHeap              1048256 bytes
00:58:01.406355 /PDM/BlkCache/cbCached                  0 bytes
00:58:01.406361 /PDM/BlkCache/cbCachedFru               0 bytes
00:58:01.406367 /PDM/BlkCache/cbCachedMruIn             0 bytes
00:58:01.406373 /PDM/BlkCache/cbCachedMruOut            0 bytes
00:58:01.406379 /PDM/BlkCache/cbMax               5242880 bytes
00:58:01.406385 /PDM/CritSects/8237A#0Auto/ContentionR3        0 times
00:58:01.406391 /PDM/CritSects/8237A#0Auto/ContentionRZLock        0 times
00:58:01.406398 /PDM/CritSects/8237A#0Auto/ContentionRZUnlock        0 times
00:58:01.406404 /PDM/CritSects/ATA#0-Ctl/ContentionR3        0 times
00:58:01.406410 /PDM/CritSects/ATA#0-Ctl/ContentionRZLock        4 times
00:58:01.406416 /PDM/CritSects/ATA#0-Ctl/ContentionRZUnlock        0 times
00:58:01.406422 /PDM/CritSects/ATA#0-Req/ContentionR3        0 times
00:58:01.406428 /PDM/CritSects/ATA#0-Req/ContentionRZLock        0 times
00:58:01.406434 /PDM/CritSects/ATA#0-Req/ContentionRZUnlock        0 times
00:58:01.406440 /PDM/CritSects/ATA#1-Ctl/ContentionR3        0 times
00:58:01.406446 /PDM/CritSects/ATA#1-Ctl/ContentionRZLock        0 times
00:58:01.406452 /PDM/CritSects/ATA#1-Ctl/ContentionRZUnlock        0 times
00:58:01.406457 /PDM/CritSects/ATA#1-Req/ContentionR3        0 times
00:58:01.406463 /PDM/CritSects/ATA#1-Req/ContentionRZLock        0 times
00:58:01.406469 /PDM/CritSects/ATA#1-Req/ContentionRZUnlock        0 times
00:58:01.406475 /PDM/CritSects/EM-REM/ContentionR3        0 times
00:58:01.406481 /PDM/CritSects/EM-REM/ContentionRZLock        0 times
00:58:01.406487 /PDM/CritSects/EM-REM/ContentionRZUnlock        0 times
00:58:01.406493 /PDM/CritSects/FTM/ContentionR3         0 times
00:58:01.406499 /PDM/CritSects/FTM/ContentionRZLock        0 times
00:58:01.406505 /PDM/CritSects/FTM/ContentionRZUnlock        0 times
00:58:01.406510 /PDM/CritSects/MM-HYPER/ContentionR3        0 times
00:58:01.406516 /PDM/CritSects/MM-HYPER/ContentionRZLock        0 times
00:58:01.406522 /PDM/CritSects/MM-HYPER/ContentionRZUnlock        0 times
00:58:01.406528 /PDM/CritSects/NOP/ContentionR3         0 times
00:58:01.406534 /PDM/CritSects/NOP/ContentionRZLock        0 times
00:58:01.406540 /PDM/CritSects/NOP/ContentionRZUnlock        0 times
00:58:01.406546 /PDM/CritSects/OHCI#0Irq/ContentionR3        0 times
00:58:01.406552 /PDM/CritSects/OHCI#0Irq/ContentionRZLock        0 times
00:58:01.406558 /PDM/CritSects/OHCI#0Irq/ContentionRZUnlock        0 times
00:58:01.406563 /PDM/CritSects/PCnet#0/ContentionR3        0 times
00:58:01.406569 /PDM/CritSects/PCnet#0/ContentionRZLock        0 times
00:58:01.406575 /PDM/CritSects/PCnet#0/ContentionRZUnlock        0 times
00:58:01.406581 /PDM/CritSects/PDM/ContentionR3         0 times
00:58:01.406587 /PDM/CritSects/PDM/ContentionRZLock        0 times
00:58:01.406594 /PDM/CritSects/PDM/ContentionRZUnlock        0 times
00:58:01.406604 /PDM/CritSects/PGM/ContentionR3         0 times
00:58:01.406613 /PDM/CritSects/PGM/ContentionRZLock        0 times
00:58:01.406620 /PDM/CritSects/PGM/ContentionRZUnlock        0 times
00:58:01.406626 /PDM/CritSects/REM-Register/ContentionR3        0 times
00:58:01.406632 /PDM/CritSects/REM-Register/ContentionRZLock        0 times
00:58:01.406638 /PDM/CritSects/REM-Register/ContentionRZUnlock        0 times
00:58:01.406644 /PDM/CritSects/TM Timer Lock/ContentionR3        0 times
00:58:01.406650 /PDM/CritSects/TM Timer Lock/ContentionRZLock        0 times
00:58:01.406655 /PDM/CritSects/TM Timer Lock/ContentionRZUnlock        0 times
00:58:01.406661 /PDM/CritSects/TM VirtualSync Lock/ContentionR3        0 times
00:58:01.406667 /PDM/CritSects/TM VirtualSync Lock/ContentionRZLock        0 times
00:58:01.406673 /PDM/CritSects/TM VirtualSync Lock/ContentionRZUnlock        0 times
00:58:01.406679 /PDM/CritSects/VGA#0/ContentionR3        0 times
00:58:01.406685 /PDM/CritSects/VGA#0/ContentionRZLock        0 times
00:58:01.406690 /PDM/CritSects/VGA#0/ContentionRZUnlock        0 times
00:58:01.406696 /PDM/CritSects/VGA#0_IRQ/ContentionR3        0 times
00:58:01.406702 /PDM/CritSects/VGA#0_IRQ/ContentionRZLock        0 times
00:58:01.406708 /PDM/CritSects/VGA#0_IRQ/ContentionRZUnlock        0 times
00:58:01.406714 /PDM/CritSects/VMMDev#0/ContentionR3        0 times
00:58:01.406720 /PDM/CritSects/VMMDev#0/ContentionRZLock        0 times
00:58:01.406727 /PDM/CritSects/VMMDev#0/ContentionRZUnlock        0 times
00:58:01.406733 /PDM/CritSects/acpi#0/ContentionR3        0 times
00:58:01.406739 /PDM/CritSects/acpi#0/ContentionRZLock        0 times
00:58:01.406745 /PDM/CritSects/acpi#0/ContentionRZUnlock        0 times
00:58:01.406751 /PDM/CritSects/mc146818#0Auto/ContentionR3        0 times
00:58:01.406757 /PDM/CritSects/mc146818#0Auto/ContentionRZLock        0 times
00:58:01.406763 /PDM/CritSects/mc146818#0Auto/ContentionRZUnlock        0 times
00:58:01.406770 /PDM/CritSects/pcarch#0Auto/ContentionR3        0 times
00:58:01.406776 /PDM/CritSects/pcarch#0Auto/ContentionRZLock        0 times
00:58:01.406782 /PDM/CritSects/pcarch#0Auto/ContentionRZUnlock        0 times
00:58:01.406788 /PDM/CritSects/pcbios#0Auto/ContentionR3        0 times
00:58:01.406794 /PDM/CritSects/pcbios#0Auto/ContentionRZLock        0 times
00:58:01.406800 /PDM/CritSects/pcbios#0Auto/ContentionRZUnlock        0 times
00:58:01.406806 /PDM/CritSects/pckbd#0Auto/ContentionR3        0 times
00:58:01.406812 /PDM/CritSects/pckbd#0Auto/ContentionRZLock        0 times
00:58:01.406818 /PDM/CritSects/pckbd#0Auto/ContentionRZUnlock        0 times
00:58:01.406825 /PDM/CritSects/pit#0/ContentionR3        0 times
00:58:01.406831 /PDM/CritSects/pit#0/ContentionRZLock        0 times
00:58:01.406837 /PDM/CritSects/pit#0/ContentionRZUnlock        0 times
00:58:01.406843 /PDM/CritSects/sb16#0Auto/ContentionR3        0 times
00:58:01.406849 /PDM/CritSects/sb16#0Auto/ContentionRZLock        0 times
00:58:01.406855 /PDM/CritSects/sb16#0Auto/ContentionRZUnlock        0 times
00:58:01.406861 /PDM/CritSects/usb-ohci#0Auto/ContentionR3        0 times
00:58:01.406867 /PDM/CritSects/usb-ohci#0Auto/ContentionRZLock        0 times
00:58:01.406873 /PDM/CritSects/usb-ohci#0Auto/ContentionRZUnlock        0 times
00:58:01.406879 /PDM/CritSectsRw/IOM Lock/ContentionR3EnterExcl        0 times
00:58:01.406885 /PDM/CritSectsRw/IOM Lock/ContentionR3EnterShared        0 times
00:58:01.406892 /PDM/CritSectsRw/IOM Lock/ContentionRZEnterExcl        0 times
00:58:01.406898 /PDM/CritSectsRw/IOM Lock/ContentionRZEnterShared        0 times
00:58:01.406904 /PDM/CritSectsRw/IOM Lock/ContentionRZLeaveExcl        0 times
00:58:01.406910 /PDM/CritSectsRw/IOM Lock/ContentionRZLeaveShared        0 times
00:58:01.406916 /PDM/CritSectsRw/IOM Lock/R3EnterExcl      212 times
00:58:01.406922 /PDM/CritSectsRw/IOM Lock/R3EnterShared      864 times
00:58:01.406928 /PDM/CritSectsRw/IOM Lock/RZEnterExcl        0 times
00:58:01.406934 /PDM/CritSectsRw/IOM Lock/RZEnterShared  2738675 times
00:58:01.406943 /PDM/Queue/DevHlp/AllocFailures         0 times
00:58:01.406950 /PDM/Queue/DevHlp/Flush                 0 calls
00:58:01.406956 /PDM/Queue/DevHlp/FlushLeftovers        0 times
00:58:01.406962 /PDM/Queue/DevHlp/Insert                0 calls
00:58:01.406969 /PDM/Queue/DevHlp/cItems                8 count
00:58:01.406975 /PDM/Queue/DevHlp/cbItem               64 bytes
00:58:01.406981 /PDM/Queue/Keyboard/AllocFailures        0 times
00:58:01.406987 /PDM/Queue/Keyboard/Flush               0 calls
00:58:01.406993 /PDM/Queue/Keyboard/FlushLeftovers        0 times
00:58:01.406999 /PDM/Queue/Keyboard/Insert           2879 calls
00:58:01.407005 /PDM/Queue/Keyboard/cItems             64 count
00:58:01.407012 /PDM/Queue/Keyboard/cbItem             32 bytes
00:58:01.407018 /PDM/Queue/Mouse/AllocFailures          0 times
00:58:01.407024 /PDM/Queue/Mouse/Flush                  0 calls
00:58:01.407030 /PDM/Queue/Mouse/FlushLeftovers         0 times
00:58:01.407036 /PDM/Queue/Mouse/Insert              6372 calls
00:58:01.407042 /PDM/Queue/Mouse/cItems               128 count
00:58:01.407049 /PDM/Queue/Mouse/cbItem                48 bytes
00:58:01.407055 /PDM/Queue/PCnet-Rcv/AllocFailures        0 times
00:58:01.407061 /PDM/Queue/PCnet-Rcv/Flush              0 calls
00:58:01.407067 /PDM/Queue/PCnet-Rcv/FlushLeftovers        0 times
00:58:01.407073 /PDM/Queue/PCnet-Rcv/Insert             0 calls
00:58:01.407079 /PDM/Queue/PCnet-Rcv/cItems             1 count
00:58:01.407086 /PDM/Queue/PCnet-Rcv/cbItem            24 bytes
00:58:01.407092 /PDM/Queue/PCnet-Xmit/AllocFailures        0 times
00:58:01.407098 /PDM/Queue/PCnet-Xmit/Flush             0 calls
00:58:01.407104 /PDM/Queue/PCnet-Xmit/FlushLeftovers        0 times
00:58:01.407111 /PDM/Queue/PCnet-Xmit/Insert            0 calls
00:58:01.407117 /PDM/Queue/PCnet-Xmit/cItems            1 count
00:58:01.407123 /PDM/Queue/PCnet-Xmit/cbItem           24 bytes
00:58:01.407129 /PGM/CPU0/cA20Changes                   3 times
00:58:01.407136 /PGM/CPU0/cGuestModeChanges             8 times
00:58:01.407143 /PGM/ChunkR3Map/Mapped                  2 count
00:58:01.407150 /PGM/ChunkR3Map/Unmapped                0 count
00:58:01.407157 /PGM/ChunkR3Map/c                       2 count
00:58:01.407164 /PGM/ChunkR3Map/cMax             4294967295 count
00:58:01.407172 /PGM/LargePage/Recheck                  0 times
00:58:01.407181 /PGM/LargePage/Refused                  0 times
00:58:01.407189 /PGM/LargePage/Reused                   0 times
00:58:01.407201 /PGM/Page/cAllPages                 10533 count
00:58:01.407208 /PGM/Page/cBalloonedPages               0 count
00:58:01.407214 /PGM/Page/cHandyPages                  57 count
00:58:01.407220 /PGM/Page/cLargePages                   0 count
00:58:01.407226 /PGM/Page/cLargePagesDisabled           0 count
00:58:01.407232 /PGM/Page/cMonitoredPages               0 count
00:58:01.407238 /PGM/Page/cPrivatePages              2796 count
00:58:01.407244 /PGM/Page/cPureMmioPages                3 count
00:58:01.407250 /PGM/Page/cReadLockedPages              0 count
00:58:01.407256 /PGM/Page/cReusedSharedPages            0 count
00:58:01.407262 /PGM/Page/cSharedPages                  0 count
00:58:01.407267 /PGM/Page/cWriteLockedPages             0 count
00:58:01.407272 /PGM/Page/cWrittenToPages               0 count
00:58:01.407277 /PGM/Page/cZeroPages                 7734 count
00:58:01.407282 /PGM/ShMod/Check                        0 ticks/call (           0 ticks,       0 times, max         0, min      -1)
00:58:01.407288 /PGM/cRelocations                       0 times
00:58:01.407293 /PROF/CPU0/EM/Capped                    0 ticks/call (           0 ticks,       0 times, max         0, min      -1)
00:58:01.407298 /PROF/CPU0/EM/ForcedActions        308062 times
00:58:01.407303 /PROF/CPU0/EM/Halted                  162 times
00:58:01.407309 /PROF/CPU0/EM/NEMExec                   0 ticks/call (           0 ticks,       0 times, max         0, min      -1)
00:58:01.407314 /PROF/CPU0/EM/NEMExecuteCalled          0 times
00:58:01.407321 /PROF/CPU0/EM/RAWTotal                  0 times
00:58:01.407327 /PROF/CPU0/EM/REMTotal                  0 times
00:58:01.407332 /PROF/CPU0/EM/RecordedExits       4262725 times
00:58:01.407337 /PROF/CPU0/EM/Total              12149311532995 ticks/call (12149311532995 ticks,       1 times, max 12149311532995, min 12149311532995)
00:58:01.407344 /PROF/CPU0/VM/Halt/Block           633763 ns/call (  2323377804 ticks,    3666 times, max  16380481, min       1)
00:58:01.407349 /PROF/CPU0/VM/Halt/BlockInsomnia   355566 ns/call (  1254439267 ticks,    3528 times, max  15474106, min       1)
00:58:01.407355 /PROF/CPU0/VM/Halt/BlockOnTime    6068818 ns/call (   388404368 ticks,      64 times, max  15630317, min    1069)
00:58:01.407361 /PROF/CPU0/VM/Halt/BlockOverslept   495298 ns/call (    36652071 ticks,      74 times, max   1359193, min   53781)
00:58:01.407367 /PROF/CPU0/VM/Halt/R0HaltBlock     527497 ns/call (    83344679 ticks,     158 times, max  15588249, min       2)
00:58:01.407373 /PROF/CPU0/VM/Halt/R0HaltBlockInsomnia   431569 ns/call (    67756430 ticks,     157 times, max  14935339, min       2)
00:58:01.407379 /PROF/CPU0/VM/Halt/R0HaltBlockOnTime 15588249 ns/call (    15588249 ticks,       1 times, max  15588249, min 15588249)
00:58:01.407384 /PROF/CPU0/VM/Halt/R0HaltBlockOverslept        0 ns/call (           0 ticks,       0 times, max         0, min      -1)
00:58:01.407390 /PROF/CPU0/VM/Halt/R0HaltExec           0 times
00:58:01.407395 /PROF/CPU0/VM/Halt/R0HaltExec/FromBlock        0 times
00:58:01.407400 /PROF/CPU0/VM/Halt/R0HaltExec/FromSpin        0 times
00:58:01.407405 /PROF/CPU0/VM/Halt/R0HaltHistoryCounter      158 times
00:58:01.407411 /PROF/CPU0/VM/Halt/R0HaltHistorySucceeded        0 times
00:58:01.407417 /PROF/CPU0/VM/Halt/R0HaltHistoryToRing3      158 times
00:58:01.407425 /PROF/CPU0/VM/Halt/Timers            1104 ns/call (     7130116 ticks,    6453 times, max    137668, min       2)
00:58:01.407432 /PROF/CPU0/VM/Halt/Yield             8800 ns/call (        8800 ticks,       1 times, max      8800, min    8800)
00:58:01.407438 /Public/Net/PCnet0/BytesReceived        0 bytes
00:58:01.407443 /Public/Net/PCnet0/BytesTransmitted        0 bytes
00:58:01.407449 /REM/TbFlushCount                       0 times
00:58:01.407454 /REM/TbPhysInvldCount                   0 times
00:58:01.407459 /REM/TlbFlushCount                      1 times
00:58:01.407464 /SELM/LoadHidSel/GstReadErrors          0 times
00:58:01.407469 /SELM/LoadHidSel/NoGoodGuest            0 times
00:58:01.407475 /TM/CPU/00/cNsExecuting          3424976104929 ns
00:58:01.407480 /TM/CPU/00/cNsHalted             2332771832 ns
00:58:01.407485 /TM/CPU/00/cNsOther              50459808190 ns
00:58:01.407490 /TM/CPU/00/cNsTotal              3477768684951 ns
00:58:01.407496 /TM/CPU/00/cPeriodsExecuting      4262725 count
00:58:01.407501 /TM/CPU/00/cPeriodsHalted             162 count
00:58:01.407506 /TM/CPU/00/pctExecuting                98 %
00:58:01.407511 /TM/CPU/00/pctHalted                    0 %
00:58:01.407516 /TM/CPU/00/pctOther                     1 %
00:58:01.407521 /TM/CPU/pctExecuting                   98 %
00:58:01.407526 /TM/CPU/pctHalted                       0 %
00:58:01.407531 /TM/CPU/pctOther                        1 %
00:58:01.407536 /TM/MaxHzHint                           0 Hz
00:58:01.407541 /TM/R0/1nsSteps                      9943 times
00:58:01.407546 /TM/R3/1nsSteps                      6739 times
00:58:01.407552 /TM/TSC/offCPU0                         0 ticks
00:58:01.407557 /TM/VirtualSync/CurrentOffset           0 ns
00:58:01.407562 /VUSB/0/cUrbsInPool                     0 count
00:58:01.407569 ********************* End of statistics **********************
00:58:01.409343 NAT: Zone(nm:mbuf_cluster, used:0)
00:58:01.409762 NAT: Zone(nm:mbuf_packet, used:0)
00:58:01.409774 NAT: Zone(nm:mbuf, used:0)
00:58:01.409789 NAT: Zone(nm:mbuf_jumbo_pagesize, used:0)
00:58:01.410155 NAT: Zone(nm:mbuf_jumbo_9k, used:0)
00:58:01.410453 NAT: Zone(nm:mbuf_jumbo_16k, used:0)
00:58:01.410640 NAT: Zone(nm:mbuf_ext_refcnt, used:0)
00:58:01.412747 Changing the VM state from 'DESTROYING' to 'TERMINATED'
00:58:01.414018 Console: Machine state changed to 'PoweredOff'
00:58:01.920895 GUI: Passing request to close Runtime UI from machine-logic to UI session.
